TN:
SF:src/version.ts
FNF:0
FNH:0
DA:2,1
LF:1
LH:1
BRF:0
BRH:0
end_of_record
TN:
SF:src/core/config.ts
FN:34,isValidVirtualName
FN:157,getUserConfigPath
FN:164,getWorkspaceConfigPath
FN:174,loadConfigFromPath
FN:213,migrateProviderConfig
FN:246,saveConfigToPath
FN:265,loadConfig
FN:273,saveConfig
FN:280,loadWorkspaceConfig
FN:287,saveWorkspaceConfig
FN:297,mergeConfigs
FN:347,mergeMultipleWorkspaceConfigs
FN:404,getProviderConfig
FN:415,getConfiguredProviders
FN:427,resolveEngineModelId
FN:435,getEnabledModelNames
FNF:16
FNH:12
FNDA:13,isValidVirtualName
FNDA:12,getUserConfigPath
FNDA:6,getWorkspaceConfigPath
FNDA:21,loadConfigFromPath
FNDA:16,migrateProviderConfig
FNDA:1,saveConfigToPath
FNDA:8,loadConfig
FNDA:1,saveConfig
FNDA:6,loadWorkspaceConfig
FNDA:0,saveWorkspaceConfig
FNDA:4,mergeConfigs
FNDA:6,mergeMultipleWorkspaceConfigs
FNDA:0,getProviderConfig
FNDA:0,getConfiguredProviders
FNDA:2,resolveEngineModelId
FNDA:0,getEnabledModelNames
DA:12,1
DA:13,1
DA:14,1
DA:15,1
DA:27,1
DA:34,1
DA:35,13
DA:36,13
DA:157,1
DA:158,12
DA:159,12
DA:164,1
DA:165,6
DA:166,6
DA:174,1
DA:175,21
DA:176,4
DA:177,4
DA:179,17
DA:180,17
DA:181,17
DA:182,19
DA:184,16
DA:185,19
DA:186,1
DA:187,1
DA:188,1
DA:190,15
DA:192,15
DA:193,15
DA:194,16
DA:195,16
DA:196,15
DA:198,19
DA:199,21
DA:200,0
DA:201,0
DA:202,0
DA:203,21
DA:213,16
DA:215,16
DA:216,13
DA:217,0
DA:218,0
DA:219,0
DA:220,13
DA:221,13
DA:224,3
DA:227,16
DA:228,1
DA:229,1
DA:230,1
DA:233,16
DA:234,2
DA:235,2
DA:236,3
DA:237,3
DA:238,2
DA:239,2
DA:240,2
DA:241,16
DA:246,1
DA:248,1
DA:249,1
DA:250,0
DA:251,0
DA:253,1
DA:254,1
DA:255,1
DA:256,1
DA:257,1
DA:259,1
DA:260,1
DA:265,1
DA:266,8
DA:267,8
DA:268,8
DA:273,1
DA:274,1
DA:275,1
DA:280,1
DA:281,6
DA:282,6
DA:287,1
DA:288,0
DA:289,0
DA:297,1
DA:298,4
DA:299,1
DA:300,1
DA:302,3
DA:303,3
DA:304,3
DA:307,3
DA:308,3
DA:309,3
DA:310,3
DA:311,3
DA:314,4
DA:315,0
DA:316,0
DA:319,4
DA:320,0
DA:321,0
DA:322,0
DA:323,0
DA:324,0
DA:325,0
DA:326,0
DA:327,0
DA:328,0
DA:329,0
DA:331,3
DA:332,3
DA:347,1
DA:348,6
DA:350,6
DA:351,1
DA:352,1
DA:354,5
DA:355,5
DA:356,5
DA:360,5
DA:363,6
DA:364,6
DA:365,6
DA:367,5
DA:368,5
DA:370,4
DA:371,4
DA:372,5
DA:374,1
DA:375,1
DA:376,1
DA:377,1
DA:378,1
DA:379,1
DA:380,1
DA:381,1
DA:382,1
DA:383,1
DA:384,1
DA:385,5
DA:386,5
DA:389,6
DA:390,4
DA:391,4
DA:392,4
DA:393,4
DA:394,4
DA:396,5
DA:397,5
DA:404,1
DA:405,0
DA:406,0
DA:407,0
DA:409,0
DA:410,0
DA:415,1
DA:416,0
DA:417,0
DA:418,0
DA:420,0
DA:421,0
DA:427,1
DA:428,2
DA:429,2
DA:435,1
DA:436,0
DA:437,0
DA:438,0
LF:171
LH:136
BRDA:34,0,0,13
BRDA:157,1,0,12
BRDA:164,2,0,6
BRDA:174,3,0,21
BRDA:175,4,0,4
BRDA:177,5,0,19
BRDA:177,6,0,17
BRDA:182,7,0,1
BRDA:182,8,0,16
BRDA:185,9,0,1
BRDA:188,10,0,15
BRDA:193,11,0,16
BRDA:198,12,0,0
BRDA:199,13,0,0
BRDA:213,14,0,16
BRDA:215,15,0,13
BRDA:216,16,0,0
BRDA:216,17,0,0
BRDA:221,18,0,3
BRDA:227,19,0,1
BRDA:230,20,0,3
BRDA:233,21,0,2
BRDA:233,22,0,2
BRDA:235,23,0,3
BRDA:246,24,0,1
BRDA:249,25,0,0
BRDA:265,26,0,8
BRDA:267,27,0,2
BRDA:273,28,0,1
BRDA:280,29,0,6
BRDA:297,30,0,4
BRDA:298,31,0,1
BRDA:300,32,0,3
BRDA:314,33,0,0
BRDA:316,34,0,3
BRDA:319,35,0,0
BRDA:329,36,0,3
BRDA:347,37,0,6
BRDA:350,38,0,1
BRDA:352,39,0,5
BRDA:365,40,0,5
BRDA:365,41,0,1
BRDA:365,42,0,5
BRDA:368,43,0,4
BRDA:371,44,0,0
BRDA:372,45,0,1
BRDA:389,46,0,4
BRDA:392,47,0,0
BRDA:394,48,0,5
BRDA:427,49,0,2
BRDA:428,50,0,1
BRF:51
BRH:42
end_of_record
TN:
SF:src/core/debug.ts
FN:9,debug
FNF:1
FNH:1
FNDA:29,debug
DA:9,1
DA:10,29
DA:11,29
DA:12,0
DA:13,0
DA:14,29
LF:6
LH:4
BRDA:9,0,0,29
BRDA:11,1,0,0
BRDA:11,2,0,0
BRF:3
BRH:1
end_of_record
TN:
SF:src/core/engines.ts
FN:58,loadProviderFactory
FN:81,dedicatedProvider
FN:98,openaiCompatibleProvider
FN:126,createModel
FN:136,createModel
FN:144,createModel
FN:152,createModel
FN:160,createModel
FN:168,createModel
FN:176,createModel
FN:184,createModel
FN:192,createModel
FN:198,createModel
FN:206,createModel
FN:214,createModel
FN:222,createModel
FN:231,createModel
FN:242,createModel
FN:250,createModel
FN:258,createModel
FN:267,createModel
FN:276,createModel
FN:289,getEngines
FN:294,getEngine
FN:299,getProviderTemplates
FN:410,fetchModels
FN:442,fetchModelsFromApi
FN:505,fetchAnthropicModels
FN:543,fetchGeminiModels
FN:610,streamChat
FN:759,convertMessages
FNF:31
FNH:2
FNDA:0,loadProviderFactory
FNDA:0,dedicatedProvider
FNDA:0,openaiCompatibleProvider
FNDA:0,createModel
FNDA:0,createModel
FNDA:0,createModel
FNDA:0,createModel
FNDA:0,createModel
FNDA:0,createModel
FNDA:0,createModel
FNDA:0,createModel
FNDA:0,createModel
FNDA:0,createModel
FNDA:0,createModel
FNDA:0,createModel
FNDA:0,createModel
FNDA:0,createModel
FNDA:0,createModel
FNDA:0,createModel
FNDA:0,createModel
FNDA:0,createModel
FNDA:0,createModel
FNDA:4,getEngines
FNDA:0,getEngine
FNDA:0,getProviderTemplates
FNDA:3,fetchModels
FNDA:0,fetchModelsFromApi
FNDA:0,fetchAnthropicModels
FNDA:0,fetchGeminiModels
FNDA:0,streamChat
FNDA:0,convertMessages
DA:15,1
DA:18,1
DA:19,1
DA:58,0
DA:59,0
DA:60,0
DA:61,0
DA:62,0
DA:63,0
DA:64,0
DA:65,0
DA:66,0
DA:67,0
DA:68,0
DA:69,0
DA:70,0
DA:71,0
DA:72,0
DA:73,0
DA:74,0
DA:75,0
DA:76,0
DA:81,0
DA:82,0
DA:83,0
DA:84,0
DA:85,0
DA:86,0
DA:87,0
DA:88,0
DA:89,0
DA:90,0
DA:91,0
DA:92,0
DA:93,0
DA:98,0
DA:99,0
DA:100,0
DA:101,0
DA:102,0
DA:103,0
DA:104,0
DA:105,0
DA:106,0
DA:107,0
DA:108,0
DA:109,0
DA:110,0
DA:111,0
DA:120,1
DA:122,1
DA:123,1
DA:124,1
DA:125,1
DA:126,1
DA:127,1
DA:130,1
DA:131,1
DA:132,1
DA:133,1
DA:134,1
DA:135,1
DA:136,1
DA:137,1
DA:138,1
DA:139,1
DA:140,1
DA:141,1
DA:142,1
DA:143,1
DA:144,1
DA:145,1
DA:146,1
DA:147,1
DA:148,1
DA:149,1
DA:150,1
DA:151,1
DA:152,1
DA:153,1
DA:154,1
DA:155,1
DA:156,1
DA:157,1
DA:158,1
DA:159,1
DA:160,1
DA:161,1
DA:162,1
DA:163,1
DA:164,1
DA:165,1
DA:166,1
DA:167,1
DA:168,1
DA:169,1
DA:170,1
DA:171,1
DA:172,1
DA:173,1
DA:174,1
DA:175,1
DA:176,1
DA:177,1
DA:178,1
DA:179,1
DA:180,1
DA:181,1
DA:182,1
DA:183,1
DA:184,1
DA:185,1
DA:186,1
DA:187,1
DA:188,1
DA:189,1
DA:190,1
DA:191,1
DA:192,1
DA:193,1
DA:194,1
DA:195,1
DA:196,1
DA:197,1
DA:198,1
DA:199,1
DA:200,1
DA:201,1
DA:202,1
DA:203,1
DA:204,1
DA:205,1
DA:206,1
DA:207,1
DA:208,1
DA:209,1
DA:210,1
DA:211,1
DA:212,1
DA:213,1
DA:214,1
DA:215,1
DA:216,1
DA:217,1
DA:218,1
DA:219,1
DA:220,1
DA:221,1
DA:222,1
DA:223,1
DA:226,1
DA:227,1
DA:228,1
DA:229,1
DA:230,1
DA:231,1
DA:232,0
DA:233,1
DA:236,1
DA:237,1
DA:238,1
DA:239,1
DA:240,1
DA:241,1
DA:242,1
DA:243,0
DA:244,1
DA:245,1
DA:246,1
DA:247,1
DA:248,1
DA:249,1
DA:250,1
DA:251,0
DA:252,1
DA:253,1
DA:254,1
DA:255,1
DA:256,1
DA:257,1
DA:258,1
DA:259,0
DA:260,1
DA:261,1
DA:262,1
DA:263,1
DA:264,1
DA:265,1
DA:266,1
DA:267,1
DA:268,0
DA:269,1
DA:270,1
DA:271,1
DA:272,1
DA:273,1
DA:274,1
DA:275,1
DA:276,1
DA:277,0
DA:278,1
DA:279,1
DA:282,1
DA:283,1
DA:284,1
DA:289,1
DA:290,4
DA:291,4
DA:294,1
DA:295,0
DA:296,0
DA:299,1
DA:300,0
DA:301,0
DA:302,0
DA:303,0
DA:304,0
DA:305,0
DA:306,0
DA:410,3
DA:411,3
DA:412,3
DA:413,3
DA:414,3
DA:416,3
DA:417,2
DA:418,10
DA:419,10
DA:420,10
DA:421,10
DA:422,2
DA:423,2
DA:425,1
DA:426,1
DA:428,0
DA:429,0
DA:430,0
DA:431,0
DA:432,0
DA:433,0
DA:434,0
DA:435,3
DA:442,0
DA:443,0
DA:444,0
DA:445,0
DA:446,0
DA:447,0
DA:448,0
DA:451,0
DA:452,0
DA:453,0
DA:456,0
DA:457,0
DA:458,0
DA:461,0
DA:462,0
DA:463,0
DA:466,0
DA:468,0
DA:469,0
DA:470,0
DA:471,0
DA:472,0
DA:474,0
DA:475,0
DA:476,0
DA:477,0
DA:478,0
DA:479,0
DA:481,0
DA:482,0
DA:483,0
DA:484,0
DA:486,0
DA:487,0
DA:488,0
DA:490,0
DA:491,0
DA:492,0
DA:493,0
DA:494,0
DA:495,0
DA:496,0
DA:497,0
DA:498,0
DA:499,0
DA:500,0
DA:501,0
DA:502,0
DA:505,0
DA:506,0
DA:507,0
DA:508,0
DA:509,0
DA:510,0
DA:511,0
DA:512,0
DA:513,0
DA:514,0
DA:515,0
DA:516,0
DA:517,0
DA:519,0
DA:520,0
DA:521,0
DA:522,0
DA:524,0
DA:525,0
DA:526,0
DA:528,0
DA:529,0
DA:530,0
DA:531,0
DA:532,0
DA:533,0
DA:534,0
DA:535,0
DA:536,0
DA:537,0
DA:538,0
DA:539,0
DA:540,0
DA:543,0
DA:544,0
DA:545,0
DA:546,0
DA:547,0
DA:548,0
DA:549,0
DA:551,0
DA:552,0
DA:553,0
DA:554,0
DA:556,0
DA:557,0
DA:558,0
DA:560,0
DA:561,0
DA:562,0
DA:563,0
DA:564,0
DA:565,0
DA:566,0
DA:567,0
DA:568,0
DA:569,0
DA:570,0
DA:571,0
DA:572,0
DA:573,0
DA:574,0
DA:575,0
DA:576,0
DA:577,0
DA:578,0
DA:579,0
DA:580,0
DA:610,0
DA:611,0
DA:612,0
DA:613,0
DA:614,0
DA:615,0
DA:616,0
DA:617,0
DA:618,0
DA:619,0
DA:620,0
DA:621,0
DA:623,0
DA:624,0
DA:625,0
DA:626,0
DA:628,0
DA:629,0
DA:630,0
DA:631,0
DA:632,0
DA:633,0
DA:634,0
DA:636,0
DA:638,0
DA:640,0
DA:641,0
DA:642,0
DA:643,0
DA:646,0
DA:649,0
DA:650,0
DA:652,0
DA:653,0
DA:654,0
DA:655,0
DA:656,0
DA:657,0
DA:658,0
DA:659,0
DA:660,0
DA:661,0
DA:662,0
DA:663,0
DA:664,0
DA:665,0
DA:666,0
DA:668,0
DA:669,0
DA:670,0
DA:671,0
DA:672,0
DA:673,0
DA:674,0
DA:675,0
DA:676,0
DA:677,0
DA:678,0
DA:679,0
DA:680,0
DA:681,0
DA:682,0
DA:684,0
DA:685,0
DA:686,0
DA:687,0
DA:688,0
DA:689,0
DA:690,0
DA:691,0
DA:692,0
DA:694,0
DA:697,0
DA:698,0
DA:699,0
DA:700,0
DA:701,0
DA:702,0
DA:703,0
DA:704,0
DA:705,0
DA:707,0
DA:708,0
DA:709,0
DA:710,0
DA:711,0
DA:712,0
DA:713,0
DA:714,0
DA:715,0
DA:717,0
DA:718,0
DA:719,0
DA:720,0
DA:721,0
DA:722,0
DA:723,0
DA:724,0
DA:725,0
DA:727,0
DA:728,0
DA:729,0
DA:730,0
DA:731,0
DA:732,0
DA:733,0
DA:734,0
DA:736,0
DA:737,0
DA:738,0
DA:739,0
DA:740,0
DA:743,0
DA:744,0
DA:745,0
DA:746,0
DA:747,0
DA:748,0
DA:749,0
DA:750,0
DA:751,0
DA:752,0
DA:759,0
DA:760,0
DA:761,0
DA:762,0
DA:763,0
DA:765,0
DA:766,0
DA:768,0
DA:769,0
DA:770,0
DA:771,0
DA:772,0
DA:773,0
DA:774,0
DA:775,0
DA:776,0
DA:777,0
DA:778,0
DA:779,0
DA:780,0
DA:781,0
DA:782,0
DA:783,0
DA:784,0
DA:785,0
DA:786,0
DA:788,0
DA:789,0
DA:790,0
DA:791,0
DA:792,0
DA:793,0
DA:794,0
DA:795,0
DA:796,0
DA:797,0
DA:799,0
DA:800,0
DA:801,0
DA:802,0
DA:803,0
LF:521
LH:174
BRDA:283,0,0,95
BRDA:289,1,0,4
BRDA:410,2,0,3
BRDA:416,3,0,2
BRDA:423,4,0,1
BRDA:426,5,0,0
BRDA:417,6,0,10
BRDA:420,7,0,0
BRF:8
BRH:6
end_of_record
TN:
SF:src/core/index.ts
FN:1,(empty-report)
FNF:1
FNH:1
FNDA:1,(empty-report)
DA:28,0
DA:32,0
DA:94,0
DA:105,0
DA:110,0
DA:115,0
DA:118,0
DA:125,0
DA:128,0
DA:131,0
DA:144,0
DA:156,0
DA:165,0
LF:13
LH:0
BRDA:1,0,0,1
BRF:1
BRH:1
end_of_record
TN:
SF:src/core/mock.ts
FN:52,parseMockMode
FN:97,splitIntoChunks
FN:110,getLastUserMessage
FN:119,sleep
FN:135,mockStreamChat
FN:195,getMockModels
FNF:6
FNH:6
FNDA:22,parseMockMode
FNDA:17,splitIntoChunks
FNDA:11,getLastUserMessage
FNDA:4,sleep
FNDA:22,mockStreamChat
FNDA:5,getMockModels
DA:41,1
DA:52,22
DA:53,22
DA:56,22
DA:57,7
DA:58,7
DA:61,22
DA:62,2
DA:63,2
DA:66,22
DA:67,2
DA:68,2
DA:69,22
DA:70,4
DA:71,4
DA:74,22
DA:75,2
DA:76,2
DA:77,22
DA:78,1
DA:79,1
DA:82,22
DA:83,2
DA:84,2
DA:85,22
DA:86,1
DA:87,1
DA:88,1
DA:91,1
DA:92,1
DA:97,17
DA:98,17
DA:100,17
DA:101,17
DA:102,26
DA:103,26
DA:104,17
DA:105,17
DA:110,11
DA:111,11
DA:112,11
DA:113,11
DA:114,11
DA:115,11
DA:116,0
DA:117,0
DA:119,4
DA:120,4
DA:121,4
DA:135,22
DA:136,22
DA:137,22
DA:138,22
DA:139,22
DA:141,22
DA:143,22
DA:144,22
DA:145,8
DA:146,8
DA:147,8
DA:149,8
DA:150,11
DA:151,11
DA:152,8
DA:153,8
DA:154,8
DA:156,22
DA:157,6
DA:158,6
DA:160,6
DA:161,8
DA:162,8
DA:163,6
DA:164,6
DA:165,6
DA:167,22
DA:168,2
DA:169,2
DA:170,2
DA:172,22
DA:173,3
DA:174,3
DA:176,22
DA:177,3
DA:178,3
DA:179,3
DA:180,3
DA:182,3
DA:183,7
DA:184,7
DA:185,7
DA:186,3
DA:187,3
DA:188,3
DA:189,22
DA:190,22
DA:195,1
DA:196,5
DA:197,5
DA:198,5
DA:199,5
DA:200,5
DA:201,5
DA:202,5
DA:203,5
DA:204,5
DA:205,5
DA:206,5
DA:207,5
DA:208,5
DA:209,5
DA:210,5
DA:211,5
DA:212,5
DA:213,5
DA:214,5
DA:215,5
DA:216,5
DA:217,5
DA:218,5
DA:219,5
DA:220,5
DA:221,5
DA:222,5
DA:223,5
DA:224,5
DA:225,5
DA:226,5
DA:227,5
DA:228,5
LF:130
LH:128
BRDA:52,0,0,22
BRDA:56,1,0,17
BRDA:56,2,0,7
BRDA:58,3,0,15
BRDA:61,4,0,13
BRDA:61,5,0,2
BRDA:63,6,0,13
BRDA:66,7,0,12
BRDA:66,8,0,2
BRDA:68,9,0,11
BRDA:69,10,0,4
BRDA:70,11,0,0
BRDA:71,12,0,7
BRDA:74,13,0,6
BRDA:74,14,0,2
BRDA:76,15,0,5
BRDA:77,16,0,1
BRDA:78,17,0,0
BRDA:79,18,0,4
BRDA:82,19,0,3
BRDA:82,20,0,2
BRDA:85,21,0,1
BRDA:87,22,0,0
BRDA:97,23,0,17
BRDA:98,24,0,0
BRDA:101,25,0,26
BRDA:110,26,0,11
BRDA:115,27,0,0
BRDA:119,28,0,4
BRDA:120,29,0,4
BRDA:135,30,0,22
BRDA:144,31,0,8
BRDA:149,32,0,11
BRDA:156,33,0,6
BRDA:157,34,0,0
BRDA:160,35,0,8
BRDA:167,36,0,2
BRDA:172,37,0,3
BRDA:173,38,0,0
BRDA:176,39,0,3
BRDA:180,40,0,0
BRDA:182,41,0,7
BRDA:183,42,0,4
BRDA:195,43,0,5
BRF:44
BRH:36
end_of_record
TN:
SF:src/core/paths.ts
FN:37,getRuntimeDir
FN:71,getConfigDir
FN:95,getDataDir
FN:110,getSessionsDir
FN:121,getWorkspaceConfigDir
FN:128,getSocketPath
FN:136,getPidPath
FN:141,getUserConfigPath
FN:146,getWorkspaceConfigPath
FN:151,getUserPoliciesPath
FNF:10
FNH:5
FNDA:2,getRuntimeDir
FNDA:1,getConfigDir
FNDA:58,getDataDir
FNDA:58,getSessionsDir
FNDA:0,getWorkspaceConfigDir
FNDA:2,getSocketPath
FNDA:0,getPidPath
FNDA:0,getUserConfigPath
FNDA:0,getWorkspaceConfigPath
FNDA:0,getUserPoliciesPath
DA:23,1
DA:24,1
DA:26,1
DA:37,1
DA:39,2
DA:40,2
DA:41,2
DA:44,0
DA:45,0
DA:46,0
DA:49,0
DA:50,0
DA:51,0
DA:52,0
DA:53,0
DA:55,0
DA:56,0
DA:59,0
DA:60,0
DA:71,1
DA:72,1
DA:73,0
DA:74,0
DA:76,1
DA:77,0
DA:78,0
DA:79,0
DA:82,1
DA:83,1
DA:84,1
DA:95,1
DA:96,58
DA:97,0
DA:98,0
DA:100,58
DA:101,0
DA:102,0
DA:103,0
DA:105,58
DA:106,58
DA:107,58
DA:110,1
DA:111,58
DA:112,58
DA:121,1
DA:122,0
DA:123,0
DA:128,1
DA:129,2
DA:130,0
DA:131,0
DA:132,2
DA:133,2
DA:136,1
DA:137,0
DA:138,0
DA:141,1
DA:142,0
DA:143,0
DA:146,1
DA:147,0
DA:148,0
DA:151,1
DA:152,0
DA:153,0
LF:65
LH:31
BRDA:37,0,0,2
BRDA:41,1,0,0
BRDA:71,2,0,1
BRDA:72,3,0,0
BRDA:76,4,0,0
BRDA:95,5,0,58
BRDA:96,6,0,0
BRDA:100,7,0,0
BRDA:110,8,0,58
BRDA:128,9,0,2
BRDA:129,10,0,0
BRF:11
BRH:5
end_of_record
TN:
SF:src/core/policies.ts
FN:116,getUserPoliciesPath
FN:126,loadCustomPolicies
FN:148,saveCustomPolicies
FN:180,resolvePolicy
FN:197,warnUnenforcedFields
FN:240,flattenPolicy
FN:263,listAllPolicies
FNF:7
FNH:4
FNDA:1,getUserPoliciesPath
FNDA:1,loadCustomPolicies
FNDA:0,saveCustomPolicies
FNDA:1,resolvePolicy
FNDA:0,warnUnenforcedFields
FNDA:8,flattenPolicy
FNDA:0,listAllPolicies
DA:15,1
DA:16,1
DA:17,1
DA:18,1
DA:70,1
DA:71,1
DA:72,1
DA:73,1
DA:74,1
DA:75,1
DA:76,1
DA:77,1
DA:78,1
DA:79,1
DA:80,1
DA:81,1
DA:82,1
DA:83,1
DA:84,1
DA:85,1
DA:86,1
DA:87,1
DA:88,1
DA:89,1
DA:90,1
DA:91,1
DA:93,1
DA:94,1
DA:95,1
DA:96,1
DA:97,1
DA:98,1
DA:99,1
DA:100,1
DA:101,1
DA:102,1
DA:103,1
DA:104,1
DA:105,1
DA:106,1
DA:107,1
DA:108,1
DA:109,1
DA:110,1
DA:112,1
DA:116,1
DA:117,1
DA:118,1
DA:126,1
DA:127,1
DA:128,1
DA:129,1
DA:130,1
DA:132,0
DA:133,0
DA:134,0
DA:135,1
DA:136,0
DA:137,0
DA:138,0
DA:139,0
DA:140,0
DA:141,0
DA:142,0
DA:143,1
DA:148,1
DA:149,0
DA:150,0
DA:151,0
DA:152,0
DA:153,0
DA:155,0
DA:156,0
DA:157,0
DA:158,0
DA:159,0
DA:161,0
DA:162,0
DA:163,0
DA:164,0
DA:165,0
DA:167,0
DA:168,0
DA:169,0
DA:170,0
DA:174,1
DA:180,1
DA:181,1
DA:182,1
DA:183,0
DA:184,0
DA:185,0
DA:186,1
DA:187,1
DA:188,1
DA:189,0
DA:190,0
DA:191,0
DA:197,0
DA:198,0
DA:200,0
DA:201,0
DA:202,0
DA:204,0
DA:205,0
DA:206,0
DA:208,0
DA:209,0
DA:210,0
DA:211,0
DA:240,1
DA:241,8
DA:243,8
DA:244,8
DA:245,8
DA:246,8
DA:247,8
DA:249,8
DA:250,8
DA:251,8
DA:252,8
DA:253,8
DA:254,8
DA:255,8
DA:256,8
DA:257,8
DA:258,8
DA:263,1
DA:264,0
DA:266,0
DA:267,0
DA:268,0
DA:270,0
DA:271,0
DA:272,0
DA:273,0
DA:274,0
DA:276,0
DA:277,0
LF:139
LH:81
BRDA:116,0,0,1
BRDA:126,1,0,1
BRDA:130,2,0,0
BRDA:135,3,0,0
BRDA:135,4,0,0
BRDA:180,5,0,1
BRDA:182,6,0,0
BRDA:188,7,0,0
BRDA:240,8,0,8
BRDA:243,9,0,4
BRDA:243,10,0,4
BRDA:244,11,0,4
BRDA:244,12,0,1
BRDA:245,13,0,4
BRDA:245,14,0,0
BRDA:246,15,0,7
BRDA:246,16,0,3
BRDA:247,17,0,4
BRDA:247,18,0,0
BRDA:251,19,0,7
BRDA:252,20,0,7
BRDA:253,21,0,7
BRDA:254,22,0,4
BRDA:255,23,0,0
BRDA:256,24,0,0
BRF:25
BRH:16
end_of_record
TN:
SF:src/core/secrets.ts
FN:1,(empty-report)
FNF:1
FNH:1
FNDA:1,(empty-report)
DA:26,0
DA:27,0
DA:29,0
DA:30,0
DA:31,0
DA:33,0
DA:34,0
DA:35,0
DA:37,0
DA:38,0
DA:39,0
DA:41,0
DA:42,0
DA:43,0
DA:44,0
LF:15
LH:0
BRDA:1,0,0,1
BRF:1
BRH:1
end_of_record
TN:
SF:src/core/session-store.ts
FN:59,<instance_members_initializer>
FN:62,SessionStore
FN:64,withWriteLock
FN:73,create
FN:110,get
FN:126,list
FN:151,delete
FN:165,appendMessage
FN:181,updateTitle
FN:192,updateSummary
FN:206,validateId
FN:212,sessionPath
FN:217,indexPath
FN:221,ensureDir
FN:225,writeSession
FN:232,readIndex
FN:244,writeIndex
FN:251,addToIndex
FN:257,removeFromIndex
FN:263,updateIndex
FNF:20
FNH:20
FNDA:94,<instance_members_initializer>
FNDA:89,SessionStore
FNDA:239,withWriteLock
FNDA:42,create
FNDA:271,get
FNDA:10,list
FNDA:5,delete
FNDA:184,appendMessage
FNDA:8,updateTitle
FNDA:9,updateSummary
FNDA:519,validateId
FNDA:519,sessionPath
FNDA:745,indexPath
FNDA:287,ensureDir
FNDA:243,writeSession
FNDA:255,readIndex
FNDA:245,writeIndex
FNDA:42,addToIndex
FNDA:2,removeFromIndex
FNDA:201,updateIndex
DA:10,1
DA:11,1
DA:59,1
DA:60,94
DA:62,94
DA:64,94
DA:65,239
DA:66,239
DA:67,239
DA:68,239
DA:69,239
DA:70,239
DA:71,239
DA:73,94
DA:74,42
DA:75,42
DA:76,42
DA:77,42
DA:78,42
DA:79,42
DA:80,42
DA:82,42
DA:83,42
DA:85,42
DA:86,42
DA:87,42
DA:88,42
DA:89,42
DA:90,42
DA:91,42
DA:92,42
DA:93,42
DA:94,42
DA:96,42
DA:97,42
DA:98,42
DA:99,42
DA:100,42
DA:101,42
DA:102,42
DA:103,42
DA:104,42
DA:106,42
DA:107,42
DA:108,42
DA:110,94
DA:111,271
DA:112,271
DA:113,271
DA:114,271
DA:115,271
DA:116,3
DA:117,3
DA:119,265
DA:120,271
DA:121,2
DA:122,2
DA:123,263
DA:124,271
DA:126,94
DA:127,10
DA:128,10
DA:131,10
DA:133,10
DA:134,1
DA:135,1
DA:137,10
DA:138,10
DA:139,10
DA:141,10
DA:142,10
DA:143,0
DA:144,0
DA:146,10
DA:148,10
DA:149,10
DA:151,94
DA:152,5
DA:153,5
DA:154,5
DA:155,5
DA:156,3
DA:157,1
DA:158,1
DA:160,2
DA:161,2
DA:162,5
DA:163,5
DA:165,94
DA:166,184
DA:167,184
DA:168,184
DA:169,184
DA:171,184
DA:172,184
DA:173,184
DA:174,184
DA:175,184
DA:177,184
DA:178,184
DA:179,184
DA:181,94
DA:182,8
DA:183,8
DA:184,8
DA:185,8
DA:187,8
DA:188,8
DA:189,8
DA:190,8
DA:192,94
DA:193,9
DA:194,9
DA:195,9
DA:196,9
DA:198,9
DA:199,9
DA:200,9
DA:204,94
DA:206,94
DA:207,519
DA:208,5
DA:209,5
DA:210,519
DA:212,94
DA:213,519
DA:214,519
DA:215,519
DA:217,94
DA:218,745
DA:219,745
DA:221,94
DA:222,287
DA:223,287
DA:225,94
DA:226,243
DA:227,243
DA:228,243
DA:229,243
DA:230,243
DA:232,94
DA:233,255
DA:234,255
DA:235,228
DA:236,255
DA:237,27
DA:238,27
DA:239,27
DA:240,0
DA:241,0
DA:242,255
DA:244,94
DA:245,245
DA:246,245
DA:247,245
DA:248,245
DA:249,245
DA:251,94
DA:252,42
DA:253,42
DA:254,42
DA:255,42
DA:257,94
DA:258,2
DA:259,2
DA:260,2
DA:261,2
DA:263,94
DA:264,201
DA:265,201
DA:266,201
DA:267,201
DA:268,201
DA:269,201
DA:270,201
DA:271,201
DA:272,201
DA:273,201
DA:274,94
LF:179
LH:175
BRDA:59,0,0,94
BRDA:62,1,0,89
BRDA:64,2,0,239
BRDA:67,3,0,236
BRDA:68,4,0,3
BRDA:73,5,0,42
BRDA:79,6,0,42
BRDA:87,7,0,19
BRDA:93,8,0,41
BRDA:110,9,0,271
BRDA:114,10,0,265
BRDA:115,11,0,3
BRDA:117,12,0,265
BRDA:120,13,0,2
BRDA:122,14,0,263
BRDA:126,15,0,10
BRDA:133,16,0,4
BRDA:133,17,0,1
BRDA:138,18,0,4
BRDA:138,19,0,9
BRDA:139,20,0,4
BRDA:139,21,0,9
BRDA:142,22,0,0
BRDA:131,23,0,16
BRDA:134,24,0,2
BRDA:151,25,0,5
BRDA:152,26,0,5
BRDA:155,27,0,3
BRDA:155,28,0,2
BRDA:156,29,0,1
BRDA:158,30,0,2
BRDA:165,31,0,184
BRDA:166,32,0,184
BRDA:181,33,0,8
BRDA:182,34,0,8
BRDA:192,35,0,9
BRDA:206,36,0,519
BRDA:207,37,0,5
BRDA:212,38,0,519
BRDA:217,39,0,745
BRDA:221,40,0,287
BRDA:225,41,0,243
BRDA:232,42,0,255
BRDA:234,43,0,228
BRDA:236,44,0,27
BRDA:239,45,0,0
BRDA:244,46,0,245
BRDA:251,47,0,42
BRDA:257,48,0,2
BRDA:259,49,0,6
BRDA:263,50,0,201
BRDA:268,51,0,560
BRF:52
BRH:50
end_of_record
TN:
SF:src/core/session-summarizer.ts
FN:27,generateSessionSummary
FN:68,maybeSummarize
FNF:2
FNH:2
FNDA:11,generateSessionSummary
FNDA:23,maybeSummarize
DA:14,1
DA:16,1
DA:17,1
DA:27,11
DA:28,11
DA:29,11
DA:30,11
DA:31,11
DA:32,11
DA:34,11
DA:35,11
DA:36,11
DA:38,11
DA:39,2
DA:40,2
DA:41,2
DA:42,2
DA:43,2
DA:45,11
DA:46,11
DA:47,11
DA:48,11
DA:50,11
DA:52,11
DA:53,11
DA:54,21
DA:55,10
DA:56,10
DA:57,21
DA:59,10
DA:60,10
DA:68,23
DA:69,23
DA:70,23
DA:71,23
DA:72,23
DA:73,23
DA:74,23
DA:75,23
DA:76,23
DA:78,23
DA:79,7
DA:80,6
DA:82,5
DA:83,4
DA:84,4
DA:85,4
DA:86,23
DA:87,1
DA:88,1
DA:89,1
DA:90,23
LF:52
LH:52
BRDA:27,0,0,11
BRDA:32,1,0,10
BRDA:38,2,0,2
BRDA:50,3,0,0
BRDA:53,4,0,21
BRDA:54,5,0,10
BRDA:54,6,0,10
BRDA:57,7,0,10
BRDA:46,8,0,131
BRDA:46,9,0,65
BRDA:47,10,0,131
BRDA:68,11,0,23
BRDA:78,12,0,16
BRDA:78,13,0,7
BRDA:79,14,0,1
BRDA:79,15,0,6
BRDA:80,16,0,1
BRDA:80,17,0,8
BRDA:80,18,0,5
BRDA:82,19,0,4
BRDA:86,20,0,1
BRDA:87,21,0,0
BRDA:76,22,0,280
BRF:23
BRH:21
end_of_record
TN:
SF:src/core/state.ts
FN:148,<instance_members_initializer>
FN:175,CoreState
FN:197,addProvider
FN:228,removeProvider
FN:242,addModel
FN:268,removeModel
FN:293,hasProvider
FN:305,loadProviderConfig
FN:327,resolveApiKey
FN:361,resolveProviderCredentials
FN:379,listProviders
FN:419,listEngines
FN:428,listModels
FN:484,discoverModels
FN:511,chat
FN:647,toolValidator
FN:704,runHealthChecks
FN:737,applySystemPrompt
FN:764,resolveFlatPolicy
FN:779,combineSystemPrompts
FN:803,mergeParams
FN:844,stripJsonFences
FN:864,streamChatWithJsonRetry
FNF:23
FNH:16
FNDA:58,<instance_members_initializer>
FNDA:58,CoreState
FNDA:0,addProvider
FNDA:0,removeProvider
FNDA:0,addModel
FNDA:0,removeModel
FNDA:0,hasProvider
FNDA:24,loadProviderConfig
FNDA:18,resolveApiKey
FNDA:0,resolveProviderCredentials
FNDA:6,listProviders
FNDA:1,listEngines
FNDA:8,listModels
FNDA:4,discoverModels
FNDA:10,chat
FNDA:0,toolValidator
FNDA:2,runHealthChecks
FNDA:1,applySystemPrompt
FNDA:1,resolveFlatPolicy
FNDA:8,combineSystemPrompts
FNDA:8,mergeParams
FNDA:14,stripJsonFences
FNDA:4,streamChatWithJsonRetry
DA:12,1
DA:13,1
DA:23,1
DA:24,1
DA:38,1
DA:39,1
DA:148,1
DA:149,58
DA:150,58
DA:153,58
DA:156,58
DA:159,58
DA:162,58
DA:173,58
DA:175,58
DA:176,58
DA:177,58
DA:178,58
DA:197,58
DA:198,0
DA:199,0
DA:200,0
DA:201,0
DA:203,0
DA:204,0
DA:205,0
DA:206,0
DA:208,0
DA:209,0
DA:210,0
DA:213,0
DA:214,0
DA:215,0
DA:216,0
DA:217,0
DA:218,0
DA:219,0
DA:221,0
DA:222,0
DA:228,58
DA:229,0
DA:230,0
DA:231,0
DA:242,58
DA:244,0
DA:245,0
DA:246,0
DA:247,0
DA:248,0
DA:249,0
DA:252,0
DA:253,0
DA:254,0
DA:255,0
DA:256,0
DA:259,0
DA:260,0
DA:261,0
DA:262,0
DA:268,58
DA:270,0
DA:271,0
DA:272,0
DA:273,0
DA:274,0
DA:275,0
DA:278,0
DA:279,0
DA:280,0
DA:281,0
DA:282,0
DA:284,0
DA:285,0
DA:286,0
DA:287,0
DA:288,0
DA:293,58
DA:294,0
DA:295,0
DA:296,0
DA:297,0
DA:305,58
DA:306,24
DA:307,24
DA:308,24
DA:309,24
DA:312,24
DA:313,24
DA:314,24
DA:316,0
DA:317,0
DA:318,0
DA:319,0
DA:320,0
DA:321,24
DA:327,58
DA:328,18
DA:329,0
DA:330,0
DA:331,0
DA:333,18
DA:336,18
DA:337,7
DA:338,7
DA:339,7
DA:342,18
DA:343,0
DA:344,0
DA:345,0
DA:348,13
DA:349,18
DA:350,2
DA:351,2
DA:352,2
DA:354,13
DA:355,18
DA:361,58
DA:362,0
DA:363,0
DA:364,0
DA:366,0
DA:367,0
DA:368,0
DA:369,0
DA:370,0
DA:371,0
DA:379,58
DA:380,6
DA:381,0
DA:382,6
DA:384,6
DA:386,6
DA:387,5
DA:388,5
DA:389,1
DA:390,1
DA:391,1
DA:393,4
DA:394,5
DA:395,2
DA:396,2
DA:397,2
DA:398,2
DA:399,2
DA:401,4
DA:402,4
DA:403,4
DA:404,4
DA:405,5
DA:406,5
DA:407,5
DA:408,5
DA:409,5
DA:410,5
DA:412,6
DA:413,6
DA:419,58
DA:420,1
DA:421,1
DA:428,58
DA:429,8
DA:430,1
DA:431,7
DA:433,8
DA:435,8
DA:436,8
DA:437,8
DA:439,8
DA:440,1
DA:441,1
DA:443,7
DA:444,8
DA:445,1
DA:446,1
DA:448,6
DA:449,6
DA:450,8
DA:451,8
DA:452,1
DA:453,1
DA:455,6
DA:456,8
DA:457,10
DA:458,10
DA:460,8
DA:461,8
DA:462,8
DA:463,8
DA:465,8
DA:466,8
DA:467,8
DA:468,8
DA:469,8
DA:470,8
DA:471,8
DA:472,8
DA:473,8
DA:474,8
DA:475,8
DA:476,6
DA:478,8
DA:479,8
DA:484,58
DA:485,4
DA:486,4
DA:488,4
DA:489,1
DA:490,1
DA:492,2
DA:493,4
DA:494,4
DA:495,0
DA:496,0
DA:497,0
DA:498,4
DA:511,58
DA:512,10
DA:513,10
DA:514,10
DA:515,10
DA:516,10
DA:517,10
DA:518,10
DA:519,10
DA:520,10
DA:523,10
DA:524,0
DA:525,0
DA:526,0
DA:527,0
DA:528,0
DA:531,10
DA:532,10
DA:533,1
DA:534,1
DA:535,1
DA:536,1
DA:537,1
DA:539,9
DA:540,9
DA:541,9
DA:544,9
DA:545,9
DA:546,10
DA:547,1
DA:548,1
DA:549,1
DA:550,1
DA:551,1
DA:553,8
DA:554,10
DA:555,0
DA:556,0
DA:557,0
DA:558,0
DA:559,0
DA:562,8
DA:563,10
DA:564,0
DA:565,0
DA:566,0
DA:567,0
DA:568,0
DA:571,8
DA:572,10
DA:573,8
DA:574,0
DA:578,10
DA:579,10
DA:580,7
DA:581,10
DA:582,1
DA:583,1
DA:586,10
DA:589,10
DA:590,10
DA:591,10
DA:592,1
DA:593,1
DA:594,1
DA:597,8
DA:599,10
DA:602,10
DA:603,10
DA:605,10
DA:607,10
DA:608,0
DA:609,0
DA:610,10
DA:611,0
DA:612,0
DA:613,0
DA:614,8
DA:616,8
DA:617,0
DA:618,0
DA:619,8
DA:620,0
DA:621,0
DA:622,0
DA:625,0
DA:626,0
DA:627,0
DA:628,0
DA:630,0
DA:631,0
DA:632,0
DA:633,0
DA:634,0
DA:635,8
DA:641,8
DA:642,10
DA:643,0
DA:644,0
DA:645,0
DA:647,0
DA:648,0
DA:649,0
DA:651,0
DA:652,0
DA:653,0
DA:654,0
DA:655,0
DA:657,0
DA:658,0
DA:659,0
DA:661,0
DA:662,0
DA:663,0
DA:664,0
DA:665,0
DA:669,10
DA:670,8
DA:671,8
DA:672,8
DA:675,10
DA:676,10
DA:678,10
DA:679,0
DA:680,0
DA:681,0
DA:682,0
DA:683,0
DA:684,10
DA:685,4
DA:686,4
DA:687,4
DA:688,4
DA:689,4
DA:690,4
DA:691,4
DA:692,4
DA:693,4
DA:694,4
DA:695,4
DA:696,4
DA:697,10
DA:704,58
DA:705,2
DA:707,2
DA:708,2
DA:709,2
DA:710,1
DA:711,1
DA:712,1
DA:714,1
DA:715,1
DA:716,2
DA:717,0
DA:718,0
DA:719,0
DA:721,2
DA:722,1
DA:723,2
DA:724,0
DA:725,0
DA:726,2
DA:727,2
DA:728,58
DA:737,1
DA:738,1
DA:739,1
DA:740,1
DA:741,1
DA:742,1
DA:743,0
DA:744,0
DA:745,0
DA:747,1
DA:748,1
DA:749,0
DA:750,0
DA:751,0
DA:752,0
DA:753,0
DA:754,0
DA:755,0
DA:757,1
DA:758,1
DA:764,1
DA:765,1
DA:766,1
DA:767,1
DA:768,1
DA:779,8
DA:780,8
DA:781,8
DA:782,8
DA:783,8
DA:784,8
DA:786,8
DA:787,8
DA:788,1
DA:790,8
DA:791,8
DA:792,8
DA:793,8
DA:794,8
DA:795,8
DA:796,8
DA:797,8
DA:803,8
DA:804,8
DA:805,8
DA:806,8
DA:807,8
DA:808,8
DA:809,8
DA:812,8
DA:813,8
DA:814,8
DA:815,8
DA:816,8
DA:817,8
DA:820,8
DA:821,8
DA:822,8
DA:823,8
DA:824,8
DA:827,8
DA:828,8
DA:829,8
DA:830,8
DA:831,8
DA:833,8
DA:834,8
DA:844,1
DA:845,14
DA:847,14
DA:848,7
DA:849,7
DA:850,7
DA:851,6
DA:852,6
DA:853,7
DA:854,7
DA:856,14
DA:857,14
DA:864,4
DA:865,4
DA:866,4
DA:867,4
DA:868,4
DA:869,4
DA:870,4
DA:871,4
DA:872,4
DA:873,4
DA:874,4
DA:875,4
DA:876,4
DA:877,4
DA:879,4
DA:880,8
DA:881,8
DA:882,4
DA:883,4
DA:884,8
DA:886,4
DA:888,4
DA:889,4
DA:891,4
DA:892,2
DA:893,2
DA:894,2
DA:895,4
DA:896,2
DA:897,2
DA:898,2
DA:899,2
DA:900,2
DA:901,2
DA:902,2
DA:903,4
DA:904,4
DA:905,1
DA:906,2
DA:907,2
DA:908,1
DA:909,3
DA:910,4
DA:911,1
DA:912,1
DA:914,1
DA:915,1
DA:916,1
DA:917,1
DA:918,1
DA:920,1
DA:921,1
LF:510
LH:354
BRDA:148,0,0,58
BRDA:175,1,0,58
BRDA:305,2,0,24
BRDA:306,3,0,0
BRDA:307,4,0,0
BRDA:309,5,0,0
BRDA:314,6,0,0
BRDA:327,7,0,18
BRDA:328,8,0,0
BRDA:333,9,0,0
BRDA:336,10,0,7
BRDA:338,11,0,5
BRDA:339,12,0,13
BRDA:342,13,0,0
BRDA:345,14,0,13
BRDA:349,15,0,2
BRDA:351,16,0,0
BRDA:351,17,0,0
BRDA:352,18,0,13
BRDA:379,19,0,6
BRDA:380,20,0,0
BRDA:386,21,0,5
BRDA:388,22,0,1
BRDA:391,23,0,4
BRDA:394,24,0,2
BRDA:399,25,0,4
BRDA:405,26,0,3
BRDA:419,27,0,1
BRDA:428,28,0,8
BRDA:429,29,0,1
BRDA:430,30,0,0
BRDA:430,31,0,7
BRDA:437,32,0,0
BRDA:439,33,0,1
BRDA:441,34,0,7
BRDA:444,35,0,5
BRDA:444,36,0,1
BRDA:446,37,0,6
BRDA:450,38,0,2
BRDA:450,39,0,5
BRDA:451,40,0,1
BRDA:453,41,0,6
BRDA:456,42,0,10
BRDA:458,43,0,6
BRDA:471,44,0,7
BRDA:471,45,0,1
BRDA:472,46,0,7
BRDA:473,47,0,1
BRDA:473,48,0,7
BRDA:475,49,0,6
BRDA:484,50,0,4
BRDA:486,51,0,1
BRDA:486,52,0,3
BRDA:488,53,0,2
BRDA:488,54,0,1
BRDA:490,55,0,2
BRDA:493,56,0,1
BRDA:494,57,0,0
BRDA:511,58,0,10
BRDA:519,59,0,0
BRDA:520,60,0,0
BRDA:523,61,0,0
BRDA:523,62,0,0
BRDA:532,63,0,1
BRDA:537,64,0,9
BRDA:546,65,0,1
BRDA:551,66,0,8
BRDA:554,67,0,0
BRDA:559,68,0,8
BRDA:563,69,0,0
BRDA:563,70,0,0
BRDA:568,71,0,8
BRDA:572,72,0,8
BRDA:573,73,0,0
BRDA:579,74,0,7
BRDA:581,75,0,1
BRDA:583,76,0,8
BRDA:586,77,0,0
BRDA:586,78,0,8
BRDA:586,79,0,8
BRDA:591,80,0,1
BRDA:594,81,0,8
BRDA:607,82,0,0
BRDA:610,83,0,8
BRDA:610,84,0,0
BRDA:616,85,0,0
BRDA:616,86,0,0
BRDA:616,87,0,0
BRDA:619,88,0,0
BRDA:642,89,0,0
BRDA:642,90,0,0
BRDA:642,91,0,0
BRDA:665,92,0,8
BRDA:669,93,0,0
BRDA:669,94,0,8
BRDA:670,95,0,0
BRDA:670,96,0,8
BRDA:671,97,0,8
BRDA:675,98,0,8
BRDA:676,99,0,4
BRDA:678,100,0,4
BRDA:678,101,0,0
BRDA:684,102,0,8
BRDA:684,103,0,4
BRDA:704,104,0,2
BRDA:709,105,0,1
BRDA:716,106,0,0
BRDA:716,107,0,0
BRDA:719,108,0,1
BRDA:721,109,0,1
BRDA:723,110,0,0
BRDA:737,111,0,1
BRDA:742,112,0,0
BRDA:748,113,0,0
BRDA:747,114,0,1
BRDA:764,115,0,1
BRDA:766,116,0,0
BRDA:779,117,0,8
BRDA:786,118,0,7
BRDA:786,119,0,7
BRDA:786,120,0,1
BRDA:787,121,0,0
BRDA:787,122,0,1
BRDA:788,123,0,0
BRDA:790,124,0,0
BRDA:792,125,0,0
BRDA:793,126,0,0
BRDA:794,127,0,0
BRDA:795,128,0,0
BRDA:803,129,0,8
BRDA:813,130,0,4
BRDA:814,131,0,1
BRDA:815,132,0,0
BRDA:816,133,0,3
BRDA:817,134,0,0
BRDA:820,135,0,0
BRDA:821,136,0,0
BRDA:822,137,0,0
BRDA:823,138,0,0
BRDA:824,139,0,0
BRDA:827,140,0,1
BRDA:827,141,0,1
BRDA:828,142,0,1
BRDA:828,143,0,0
BRDA:829,144,0,1
BRDA:829,145,0,0
BRDA:830,146,0,1
BRDA:830,147,0,0
BRDA:831,148,0,1
BRDA:831,149,0,0
BRDA:833,150,0,4
BRDA:833,151,0,4
BRDA:844,152,0,14
BRDA:847,153,0,7
BRDA:850,154,0,6
BRDA:864,155,0,4
BRDA:879,156,0,8
BRDA:881,157,0,4
BRDA:891,158,0,2
BRDA:894,159,0,4
BRDA:895,160,0,2
BRDA:904,161,0,1
BRDA:905,162,0,2
BRDA:908,163,0,3
BRDA:910,164,0,1
BRF:165
BRH:107
end_of_record
TN:
SF:src/core/tool-registry.ts
FN:85,namespaceTool
FN:97,globMatch
FN:107,matchesAnyPattern
FN:114,<instance_members_initializer>
FN:143,register
FN:171,unregisterSource
FN:187,clearSessionScope
FN:195,setAliases
FN:212,listForChat
FN:289,buildExecutor
FN:321,resolve
FN:344,getAll
FN:349,getBySource
FN:354,get size
FN:359,clear
FNF:15
FNH:11
FNDA:68,namespaceTool
FNDA:36,globMatch
FNDA:64,matchesAnyPattern
FNDA:85,<instance_members_initializer>
FNDA:53,register
FNDA:2,unregisterSource
FNDA:1,clearSessionScope
FNDA:2,setAliases
FNDA:10,listForChat
FNDA:0,buildExecutor
FNDA:23,resolve
FNDA:0,getAll
FNDA:0,getBySource
FNDA:21,get size
FNDA:0,clear
DA:76,1
DA:77,1
DA:78,1
DA:79,1
DA:80,1
DA:85,68
DA:86,68
DA:87,68
DA:88,68
DA:97,36
DA:98,36
DA:99,36
DA:100,36
DA:101,36
DA:102,36
DA:107,1
DA:108,64
DA:109,34
DA:110,34
DA:114,1
DA:116,85
DA:119,85
DA:122,85
DA:143,85
DA:144,53
DA:145,68
DA:146,68
DA:147,68
DA:148,68
DA:149,68
DA:150,68
DA:151,68
DA:152,68
DA:153,68
DA:154,68
DA:156,68
DA:157,6
DA:158,6
DA:159,6
DA:160,6
DA:161,6
DA:162,6
DA:163,6
DA:164,68
DA:165,53
DA:171,85
DA:172,2
DA:173,4
DA:174,3
DA:176,3
DA:177,1
DA:178,1
DA:179,3
DA:180,4
DA:181,2
DA:187,85
DA:188,1
DA:189,1
DA:195,85
DA:196,2
DA:197,2
DA:198,2
DA:199,2
DA:200,2
DA:212,85
DA:213,10
DA:214,10
DA:217,10
DA:218,10
DA:219,7
DA:220,6
DA:221,6
DA:222,7
DA:225,10
DA:227,10
DA:230,17
DA:231,6
DA:232,3
DA:233,3
DA:234,6
DA:237,17
DA:238,3
DA:239,3
DA:242,11
DA:243,17
DA:244,1
DA:245,1
DA:246,1
DA:247,1
DA:248,1
DA:251,17
DA:252,0
DA:253,0
DA:254,11
DA:256,11
DA:257,11
DA:258,11
DA:259,11
DA:260,11
DA:261,11
DA:263,10
DA:264,10
DA:289,85
DA:290,0
DA:291,0
DA:292,0
DA:293,0
DA:294,0
DA:297,0
DA:298,0
DA:299,0
DA:302,0
DA:303,0
DA:304,0
DA:306,0
DA:307,0
DA:309,0
DA:310,0
DA:311,0
DA:321,85
DA:323,23
DA:324,23
DA:325,1
DA:326,1
DA:327,1
DA:330,22
DA:331,23
DA:334,23
DA:335,33
DA:336,19
DA:337,19
DA:338,33
DA:340,2
DA:341,23
DA:344,85
DA:345,0
DA:346,0
DA:349,85
DA:350,0
DA:351,0
DA:354,85
DA:355,21
DA:356,21
DA:359,85
DA:360,0
DA:361,0
DA:362,0
DA:363,0
DA:364,85
LF:149
LH:123
BRDA:85,0,0,68
BRDA:97,1,0,36
BRDA:107,2,0,64
BRDA:108,3,0,35
BRDA:108,4,0,30
BRDA:108,5,0,34
BRDA:109,6,0,36
BRDA:114,7,0,85
BRDA:143,8,0,53
BRDA:144,9,0,68
BRDA:156,10,0,6
BRDA:171,11,0,2
BRDA:172,12,0,4
BRDA:173,13,0,3
BRDA:176,14,0,1
BRDA:187,15,0,1
BRDA:195,16,0,2
BRDA:212,17,0,10
BRDA:218,18,0,7
BRDA:219,19,0,6
BRDA:225,20,0,4
BRDA:225,21,0,6
BRDA:227,22,0,17
BRDA:230,23,0,6
BRDA:231,24,0,5
BRDA:231,25,0,3
BRDA:234,26,0,14
BRDA:237,27,0,5
BRDA:237,28,0,3
BRDA:239,29,0,11
BRDA:243,30,0,1
BRDA:248,31,0,11
BRDA:251,32,0,0
BRDA:253,33,0,11
BRDA:321,34,0,23
BRDA:324,35,0,1
BRDA:327,36,0,22
BRDA:331,37,0,1
BRDA:331,38,0,21
BRDA:334,39,0,33
BRDA:335,40,0,19
BRDA:338,41,0,2
BRDA:354,42,0,21
BRF:43
BRH:42
end_of_record
TN:
SF:src/daemon/chat.ts
FN:37,runInteractiveChat
FN:120,runInteractiveMode
FN:236,runJsonMode
FN:265,parseApprovalInput
FN:275,promptApproval
FNF:5
FNH:1
FNDA:0,runInteractiveChat
FNDA:0,runInteractiveMode
FNDA:0,runJsonMode
FNDA:34,parseApprovalInput
FNDA:0,promptApproval
DA:12,1
DA:13,1
DA:14,1
DA:15,1
DA:17,1
DA:29,1
DA:30,1
DA:31,1
DA:32,1
DA:33,1
DA:34,1
DA:35,1
DA:37,0
DA:38,0
DA:40,0
DA:41,0
DA:42,0
DA:43,0
DA:44,0
DA:45,0
DA:46,0
DA:48,0
DA:51,0
DA:52,0
DA:53,0
DA:55,0
DA:56,0
DA:57,0
DA:58,0
DA:59,0
DA:60,0
DA:61,0
DA:62,0
DA:63,0
DA:64,0
DA:65,0
DA:66,0
DA:67,0
DA:68,0
DA:69,0
DA:70,0
DA:71,0
DA:72,0
DA:73,0
DA:74,0
DA:76,0
DA:77,0
DA:78,0
DA:79,0
DA:81,0
DA:82,0
DA:83,0
DA:84,0
DA:85,0
DA:86,0
DA:88,0
DA:91,0
DA:92,0
DA:93,0
DA:94,0
DA:95,0
DA:96,0
DA:97,0
DA:98,0
DA:99,0
DA:100,0
DA:101,0
DA:102,0
DA:103,0
DA:105,0
DA:106,0
DA:107,0
DA:109,0
DA:110,0
DA:111,0
DA:113,0
DA:114,0
DA:115,0
DA:116,0
DA:117,0
DA:118,0
DA:120,0
DA:121,0
DA:122,0
DA:123,0
DA:124,0
DA:125,0
DA:126,0
DA:127,0
DA:128,0
DA:129,0
DA:131,0
DA:132,0
DA:133,0
DA:134,0
DA:135,0
DA:136,0
DA:137,0
DA:139,0
DA:140,0
DA:141,0
DA:142,0
DA:143,0
DA:144,0
DA:146,0
DA:147,0
DA:149,0
DA:151,0
DA:152,0
DA:153,0
DA:155,0
DA:156,0
DA:157,0
DA:158,0
DA:159,0
DA:160,0
DA:161,0
DA:162,0
DA:163,0
DA:164,0
DA:165,0
DA:166,0
DA:167,0
DA:168,0
DA:169,0
DA:170,0
DA:172,0
DA:174,0
DA:175,0
DA:176,0
DA:177,0
DA:178,0
DA:179,0
DA:180,0
DA:181,0
DA:182,0
DA:183,0
DA:184,0
DA:185,0
DA:186,0
DA:187,0
DA:189,0
DA:190,0
DA:191,0
DA:192,0
DA:193,0
DA:194,0
DA:195,0
DA:196,0
DA:197,0
DA:198,0
DA:199,0
DA:200,0
DA:201,0
DA:202,0
DA:203,0
DA:204,0
DA:205,0
DA:206,0
DA:207,0
DA:208,0
DA:209,0
DA:210,0
DA:211,0
DA:212,0
DA:213,0
DA:214,0
DA:216,0
DA:217,0
DA:218,0
DA:219,0
DA:220,0
DA:221,0
DA:222,0
DA:223,0
DA:224,0
DA:225,0
DA:226,0
DA:227,0
DA:228,0
DA:229,0
DA:230,0
DA:231,0
DA:233,0
DA:234,0
DA:236,0
DA:237,0
DA:238,0
DA:239,0
DA:240,0
DA:241,0
DA:243,0
DA:244,0
DA:245,0
DA:246,0
DA:247,0
DA:248,0
DA:249,0
DA:250,0
DA:252,0
DA:254,0
DA:255,0
DA:256,0
DA:258,0
DA:259,0
DA:260,0
DA:261,0
DA:265,1
DA:266,34
DA:267,34
DA:268,34
DA:269,34
DA:270,34
DA:271,34
DA:272,6
DA:273,6
DA:275,0
DA:276,0
DA:277,0
DA:279,0
DA:280,0
DA:281,0
DA:282,0
DA:283,0
DA:284,0
DA:285,0
DA:286,0
DA:287,0
DA:289,0
DA:290,0
DA:291,0
LF:231
LH:21
BRDA:265,0,0,34
BRDA:268,1,0,32
BRDA:268,2,0,5
BRDA:268,3,0,29
BRDA:269,4,0,27
BRDA:269,5,0,24
BRDA:269,6,0,22
BRDA:269,7,0,10
BRDA:269,8,0,19
BRDA:270,9,0,18
BRDA:270,10,0,15
BRDA:270,11,0,14
BRDA:270,12,0,8
BRDA:270,13,0,11
BRDA:271,14,0,9
BRDA:271,15,0,5
BRDA:271,16,0,6
BRF:17
BRH:17
end_of_record
TN:
SF:src/daemon/daemon.ts
FN:37,resolveProtoPath
FN:65,loadProto
FN:94,startDaemon
FN:215,getDaemonState
FN:222,stopDaemonInternal
FN:240,stopDaemon
FN:274,getDaemonStatus
FNF:7
FNH:1
FNDA:1,resolveProtoPath
FNDA:0,loadProto
FNDA:0,startDaemon
FNDA:0,getDaemonState
FNDA:0,stopDaemonInternal
FNDA:0,stopDaemon
FNDA:0,getDaemonStatus
DA:5,1
DA:6,1
DA:7,1
DA:8,1
DA:9,1
DA:11,1
DA:22,1
DA:23,1
DA:24,1
DA:28,1
DA:29,1
DA:37,1
DA:38,1
DA:39,1
DA:40,1
DA:41,1
DA:42,1
DA:44,1
DA:45,2
DA:46,2
DA:47,1
DA:48,1
DA:49,2
DA:51,0
DA:52,0
DA:53,0
DA:54,0
DA:55,0
DA:57,1
DA:59,1
DA:60,1
DA:65,0
DA:66,0
DA:67,0
DA:68,0
DA:70,0
DA:71,0
DA:72,0
DA:73,0
DA:74,0
DA:75,0
DA:76,0
DA:77,0
DA:79,0
DA:80,0
DA:94,0
DA:96,0
DA:97,0
DA:98,0
DA:100,0
DA:103,0
DA:106,0
DA:109,0
DA:112,0
DA:115,0
DA:116,0
DA:118,0
DA:121,0
DA:122,0
DA:124,0
DA:126,0
DA:128,0
DA:129,0
DA:130,0
DA:131,0
DA:132,0
DA:133,0
DA:134,0
DA:135,0
DA:136,0
DA:137,0
DA:138,0
DA:139,0
DA:140,0
DA:142,0
DA:145,0
DA:146,0
DA:148,0
DA:149,0
DA:150,0
DA:153,0
DA:154,0
DA:156,0
DA:157,0
DA:158,0
DA:159,0
DA:160,0
DA:161,0
DA:162,0
DA:163,0
DA:164,0
DA:165,0
DA:166,0
DA:167,0
DA:168,0
DA:169,0
DA:170,0
DA:171,0
DA:173,0
DA:174,0
DA:175,0
DA:176,0
DA:177,0
DA:178,0
DA:179,0
DA:180,0
DA:181,0
DA:183,0
DA:186,0
DA:187,0
DA:188,0
DA:189,0
DA:192,0
DA:193,0
DA:194,0
DA:195,0
DA:196,0
DA:197,0
DA:198,0
DA:200,0
DA:201,0
DA:204,0
DA:205,0
DA:206,0
DA:207,0
DA:209,0
DA:210,0
DA:215,1
DA:216,0
DA:217,0
DA:222,0
DA:223,0
DA:224,0
DA:225,0
DA:226,0
DA:227,0
DA:228,0
DA:229,0
DA:230,0
DA:232,0
DA:233,0
DA:234,0
DA:235,0
DA:240,0
DA:241,0
DA:243,0
DA:245,0
DA:246,0
DA:247,0
DA:249,0
DA:251,0
DA:252,0
DA:253,0
DA:254,0
DA:257,0
DA:259,0
DA:261,0
DA:264,0
DA:265,0
DA:266,0
DA:267,0
DA:268,0
DA:269,0
DA:274,1
DA:278,0
DA:279,0
DA:280,0
DA:282,0
DA:283,0
DA:284,0
DA:286,0
DA:287,0
LF:172
LH:28
BRDA:37,0,0,1
BRDA:44,1,0,2
BRDA:46,2,0,1
BRDA:49,3,0,0
BRF:4
BRH:3
end_of_record
TN:
SF:src/daemon/index.ts
FN:1,(empty-report)
FNF:1
FNH:1
FNDA:1,(empty-report)
DA:18,0
DA:19,0
DA:20,0
DA:21,0
DA:22,0
DA:23,0
DA:25,0
DA:26,0
DA:27,0
DA:28,0
DA:29,0
DA:30,0
DA:31,0
DA:32,0
DA:33,0
DA:35,0
DA:37,0
DA:38,0
DA:39,0
DA:40,0
DA:41,0
DA:42,0
DA:43,0
DA:44,0
DA:45,0
DA:46,0
DA:48,0
DA:49,0
DA:50,0
DA:51,0
DA:52,0
DA:53,0
DA:54,0
DA:55,0
DA:56,0
DA:57,0
DA:58,0
DA:59,0
DA:60,0
DA:61,0
DA:62,0
DA:63,0
DA:65,0
DA:66,0
DA:67,0
DA:68,0
DA:69,0
DA:70,0
DA:71,0
DA:72,0
DA:73,0
DA:74,0
DA:75,0
DA:76,0
DA:77,0
DA:78,0
DA:79,0
DA:80,0
DA:82,0
DA:83,0
DA:84,0
DA:85,0
DA:86,0
DA:87,0
DA:88,0
DA:89,0
DA:90,0
DA:91,0
DA:92,0
DA:93,0
DA:106,0
DA:107,0
DA:108,0
DA:109,0
DA:110,0
DA:111,0
DA:112,0
DA:113,0
DA:114,0
DA:115,0
DA:116,0
DA:117,0
DA:119,0
DA:120,0
DA:122,0
DA:123,0
DA:124,0
DA:125,0
DA:127,0
DA:129,0
DA:130,0
DA:131,0
DA:132,0
DA:133,0
DA:134,0
DA:135,0
DA:136,0
DA:137,0
DA:138,0
DA:139,0
DA:140,0
DA:141,0
DA:142,0
DA:143,0
DA:145,0
DA:146,0
DA:147,0
DA:149,0
DA:150,0
DA:151,0
DA:152,0
DA:153,0
DA:154,0
DA:155,0
DA:156,0
DA:157,0
DA:158,0
DA:159,0
DA:160,0
DA:161,0
DA:163,0
DA:164,0
DA:165,0
DA:167,0
DA:168,0
DA:169,0
DA:171,0
DA:172,0
DA:173,0
DA:174,0
DA:178,0
DA:179,0
DA:180,0
DA:181,0
DA:182,0
DA:183,0
DA:184,0
DA:185,0
DA:186,0
DA:187,0
DA:188,0
DA:189,0
DA:190,0
DA:191,0
DA:192,0
DA:193,0
DA:194,0
DA:195,0
DA:196,0
DA:197,0
DA:198,0
DA:199,0
DA:200,0
DA:201,0
DA:202,0
DA:203,0
DA:204,0
DA:205,0
DA:206,0
DA:207,0
DA:208,0
DA:209,0
DA:210,0
DA:211,0
DA:212,0
DA:213,0
DA:214,0
DA:215,0
DA:217,0
DA:218,0
DA:219,0
DA:220,0
DA:221,0
DA:222,0
DA:223,0
DA:224,0
DA:225,0
DA:226,0
DA:227,0
DA:228,0
DA:229,0
DA:230,0
DA:231,0
DA:232,0
DA:233,0
DA:234,0
DA:235,0
DA:236,0
DA:237,0
DA:238,0
DA:239,0
DA:240,0
DA:241,0
DA:242,0
DA:243,0
DA:245,0
DA:246,0
DA:247,0
DA:248,0
DA:249,0
DA:250,0
DA:251,0
DA:252,0
DA:253,0
DA:254,0
DA:255,0
DA:256,0
DA:257,0
DA:258,0
DA:259,0
DA:260,0
DA:261,0
DA:262,0
DA:263,0
DA:264,0
DA:265,0
DA:266,0
DA:267,0
DA:268,0
DA:269,0
DA:270,0
DA:271,0
DA:272,0
DA:273,0
DA:274,0
DA:276,0
DA:277,0
DA:278,0
DA:279,0
DA:280,0
DA:281,0
DA:282,0
DA:283,0
DA:284,0
DA:285,0
DA:286,0
DA:287,0
DA:288,0
DA:289,0
DA:290,0
DA:291,0
DA:292,0
DA:296,0
DA:297,0
DA:298,0
DA:300,0
DA:301,0
DA:302,0
DA:303,0
DA:304,0
DA:305,0
DA:306,0
DA:307,0
DA:308,0
DA:309,0
DA:310,0
DA:311,0
DA:312,0
DA:313,0
DA:315,0
DA:316,0
DA:317,0
DA:318,0
DA:319,0
DA:320,0
DA:321,0
DA:322,0
DA:323,0
DA:324,0
DA:325,0
DA:326,0
DA:327,0
DA:328,0
DA:329,0
DA:330,0
DA:331,0
DA:333,0
DA:334,0
DA:335,0
DA:336,0
DA:337,0
DA:338,0
DA:339,0
DA:340,0
DA:342,0
DA:343,0
DA:344,0
DA:345,0
DA:346,0
DA:347,0
DA:348,0
DA:349,0
DA:350,0
DA:351,0
DA:352,0
DA:353,0
DA:354,0
DA:355,0
DA:356,0
DA:357,0
DA:358,0
DA:359,0
DA:360,0
DA:361,0
DA:362,0
DA:363,0
DA:364,0
DA:365,0
DA:366,0
DA:368,0
DA:369,0
DA:370,0
DA:371,0
DA:372,0
DA:373,0
DA:374,0
DA:376,0
DA:377,0
DA:378,0
DA:379,0
DA:380,0
DA:381,0
DA:382,0
DA:383,0
DA:385,0
DA:386,0
DA:387,0
DA:388,0
DA:389,0
DA:390,0
DA:391,0
DA:392,0
DA:393,0
DA:394,0
DA:395,0
DA:396,0
DA:397,0
DA:399,0
DA:400,0
DA:401,0
DA:402,0
DA:403,0
DA:404,0
DA:405,0
DA:406,0
DA:407,0
DA:408,0
DA:409,0
DA:410,0
DA:412,0
DA:413,0
DA:414,0
DA:415,0
DA:416,0
DA:417,0
DA:418,0
DA:419,0
DA:420,0
DA:421,0
DA:422,0
DA:423,0
DA:424,0
DA:425,0
DA:426,0
DA:428,0
DA:429,0
DA:431,0
DA:432,0
DA:433,0
DA:434,0
DA:435,0
DA:436,0
DA:437,0
DA:439,0
DA:440,0
DA:442,0
DA:443,0
DA:444,0
DA:445,0
DA:446,0
DA:447,0
DA:448,0
DA:449,0
DA:450,0
DA:451,0
DA:453,0
DA:454,0
DA:455,0
DA:456,0
DA:457,0
DA:459,0
DA:460,0
DA:461,0
DA:462,0
DA:463,0
DA:464,0
DA:465,0
DA:466,0
DA:467,0
DA:468,0
DA:469,0
DA:472,0
DA:473,0
DA:474,0
DA:476,0
LF:405
LH:0
BRDA:1,0,0,1
BRF:1
BRH:1
end_of_record
TN:
SF:src/daemon/mcp-client-pool.ts
FN:37,<instance_members_initializer>
FN:45,McpClientPool
FN:50,connect
FN:107,connectDynamic
FN:177,hasConfigServer
FN:185,disconnectByScope
FN:200,disconnectByClient
FN:215,setMaxDynamicServers
FN:222,disconnect
FN:249,connectAll
FN:263,disconnectAll
FN:271,reconnect
FN:287,callTool
FN:315,syncWithConfig
FN:346,getStatuses
FN:353,getStatus
FN:360,get connectedCount
FN:369,buildTransport
FN:395,refreshTools
FN:420,isSelfConnection
FN:435,configChanged
FN:451,ensureHealthCheck
FN:463,runHealthCheck
FN:492,stopHealthCheck
FNF:24
FNH:3
FNDA:58,<instance_members_initializer>
FNDA:58,McpClientPool
FNDA:0,connect
FNDA:0,connectDynamic
FNDA:0,hasConfigServer
FNDA:0,disconnectByScope
FNDA:1,disconnectByClient
FNDA:0,setMaxDynamicServers
FNDA:0,disconnect
FNDA:0,connectAll
FNDA:0,disconnectAll
FNDA:0,reconnect
FNDA:0,callTool
FNDA:0,syncWithConfig
FNDA:0,getStatuses
FNDA:0,getStatus
FNDA:0,get connectedCount
FNDA:0,buildTransport
FNDA:0,refreshTools
FNDA:0,isSelfConnection
FNDA:0,configChanged
FNDA:0,ensureHealthCheck
FNDA:0,runHealthCheck
FNDA:0,stopHealthCheck
DA:10,1
DA:11,1
DA:37,1
DA:38,58
DA:39,58
DA:40,58
DA:43,58
DA:45,58
DA:50,58
DA:51,0
DA:52,0
DA:53,0
DA:54,0
DA:56,0
DA:57,0
DA:58,0
DA:59,0
DA:62,0
DA:63,0
DA:64,0
DA:66,0
DA:67,0
DA:68,0
DA:69,0
DA:70,0
DA:71,0
DA:72,0
DA:73,0
DA:75,0
DA:76,0
DA:77,0
DA:78,0
DA:79,0
DA:80,0
DA:81,0
DA:82,0
DA:83,0
DA:84,0
DA:85,0
DA:87,0
DA:88,0
DA:89,0
DA:92,0
DA:93,0
DA:95,0
DA:96,0
DA:97,0
DA:98,0
DA:99,0
DA:100,0
DA:101,0
DA:107,58
DA:108,0
DA:109,0
DA:110,0
DA:111,0
DA:112,0
DA:113,0
DA:114,0
DA:115,0
DA:116,0
DA:117,0
DA:118,0
DA:120,0
DA:121,0
DA:122,0
DA:123,0
DA:124,0
DA:126,0
DA:127,0
DA:129,0
DA:130,0
DA:131,0
DA:132,0
DA:133,0
DA:134,0
DA:135,0
DA:136,0
DA:137,0
DA:139,0
DA:140,0
DA:141,0
DA:142,0
DA:143,0
DA:144,0
DA:145,0
DA:146,0
DA:147,0
DA:148,0
DA:149,0
DA:151,0
DA:152,0
DA:153,0
DA:156,0
DA:157,0
DA:160,0
DA:162,0
DA:163,0
DA:165,0
DA:166,0
DA:167,0
DA:168,0
DA:169,0
DA:170,0
DA:171,0
DA:172,0
DA:177,58
DA:178,0
DA:179,0
DA:180,0
DA:185,58
DA:186,0
DA:187,0
DA:188,0
DA:190,0
DA:191,0
DA:192,0
DA:193,0
DA:194,0
DA:195,0
DA:200,58
DA:201,1
DA:202,1
DA:203,1
DA:205,1
DA:206,0
DA:207,0
DA:208,0
DA:209,0
DA:210,1
DA:215,58
DA:216,0
DA:217,0
DA:222,58
DA:223,0
DA:224,0
DA:225,0
DA:226,0
DA:227,0
DA:228,0
DA:229,0
DA:230,0
DA:231,0
DA:232,0
DA:234,0
DA:236,0
DA:237,0
DA:238,0
DA:239,0
DA:240,0
DA:242,0
DA:243,0
DA:249,58
DA:250,0
DA:251,0
DA:252,0
DA:253,0
DA:255,0
DA:256,0
DA:257,0
DA:258,0
DA:263,58
DA:264,0
DA:265,0
DA:266,0
DA:271,58
DA:272,0
DA:273,0
DA:274,0
DA:275,0
DA:276,0
DA:277,0
DA:287,58
DA:289,0
DA:290,0
DA:291,0
DA:292,0
DA:293,0
DA:296,0
DA:297,0
DA:298,0
DA:299,0
DA:300,0
DA:302,0
DA:303,0
DA:304,0
DA:305,0
DA:307,0
DA:308,0
DA:315,58
DA:316,0
DA:317,0
DA:320,0
DA:321,0
DA:322,0
DA:323,0
DA:324,0
DA:325,0
DA:326,0
DA:327,0
DA:330,0
DA:331,0
DA:332,0
DA:333,0
DA:334,0
DA:335,0
DA:336,0
DA:338,0
DA:339,0
DA:340,0
DA:341,0
DA:346,58
DA:347,0
DA:348,0
DA:353,58
DA:354,0
DA:355,0
DA:360,58
DA:361,0
DA:362,0
DA:369,58
DA:370,0
DA:371,0
DA:372,0
DA:373,0
DA:374,0
DA:375,0
DA:376,0
DA:377,0
DA:378,0
DA:379,0
DA:381,0
DA:382,0
DA:383,0
DA:384,0
DA:385,0
DA:386,0
DA:387,0
DA:388,0
DA:389,0
DA:395,58
DA:396,0
DA:397,0
DA:398,0
DA:399,0
DA:400,0
DA:401,0
DA:403,0
DA:404,0
DA:405,0
DA:406,0
DA:408,0
DA:409,0
DA:410,0
DA:412,0
DA:413,0
DA:414,0
DA:415,0
DA:420,58
DA:421,0
DA:422,0
DA:424,0
DA:426,0
DA:427,0
DA:428,0
DA:429,0
DA:430,0
DA:435,58
DA:436,0
DA:437,0
DA:438,0
DA:439,0
DA:440,0
DA:441,0
DA:442,0
DA:443,0
DA:445,0
DA:451,58
DA:452,0
DA:453,0
DA:454,0
DA:455,0
DA:456,0
DA:463,58
DA:464,0
DA:465,0
DA:467,0
DA:468,0
DA:469,0
DA:470,0
DA:471,0
DA:472,0
DA:473,0
DA:475,0
DA:476,0
DA:477,0
DA:479,0
DA:480,0
DA:481,0
DA:482,0
DA:483,0
DA:484,0
DA:485,0
DA:486,0
DA:487,0
DA:492,58
DA:493,0
DA:494,0
DA:495,0
DA:496,0
DA:497,0
DA:498,58
LF:312
LH:36
BRDA:37,0,0,58
BRDA:45,1,0,58
BRDA:200,2,0,1
BRDA:205,3,0,0
BRF:4
BRH:3
end_of_record
TN:
SF:src/daemon/mcp-server.ts
FN:19,<instance_members_initializer>
FN:24,AbbenayMcpServer
FN:38,start
FN:97,refreshTools
FN:108,stop
FN:120,get isRunning
FN:129,registerTools
FNF:7
FNH:2
FNDA:58,<instance_members_initializer>
FNDA:58,AbbenayMcpServer
FNDA:0,start
FNDA:0,refreshTools
FNDA:0,stop
FNDA:0,get isRunning
FNDA:0,registerTools
DA:12,1
DA:13,1
DA:17,1
DA:19,1
DA:20,58
DA:21,58
DA:22,58
DA:24,58
DA:25,58
DA:26,58
DA:27,58
DA:28,58
DA:29,58
DA:30,58
DA:31,58
DA:32,58
DA:38,58
DA:39,0
DA:42,0
DA:45,0
DA:46,0
DA:47,0
DA:49,0
DA:52,0
DA:53,0
DA:54,0
DA:55,0
DA:56,0
DA:57,0
DA:58,0
DA:59,0
DA:60,0
DA:61,0
DA:62,0
DA:65,0
DA:66,0
DA:67,0
DA:68,0
DA:69,0
DA:70,0
DA:71,0
DA:72,0
DA:73,0
DA:74,0
DA:75,0
DA:78,0
DA:79,0
DA:80,0
DA:81,0
DA:82,0
DA:83,0
DA:84,0
DA:85,0
DA:86,0
DA:87,0
DA:88,0
DA:90,0
DA:91,0
DA:92,0
DA:97,58
DA:98,0
DA:101,0
DA:102,0
DA:103,0
DA:108,58
DA:109,0
DA:110,0
DA:111,0
DA:112,0
DA:113,0
DA:114,0
DA:115,0
DA:116,0
DA:117,0
DA:118,0
DA:120,58
DA:121,0
DA:122,0
DA:129,58
DA:130,0
DA:131,0
DA:133,0
DA:134,0
DA:135,0
DA:136,0
DA:137,0
DA:138,0
DA:139,0
DA:141,0
DA:142,0
DA:143,0
DA:144,0
DA:145,0
DA:146,0
DA:147,0
DA:148,0
DA:149,0
DA:150,0
DA:151,0
DA:152,0
DA:154,0
DA:155,0
DA:156,0
DA:157,0
DA:158,0
DA:159,0
DA:160,0
DA:161,0
DA:162,0
DA:163,0
DA:164,0
DA:165,0
DA:166,0
DA:167,0
DA:169,0
DA:170,0
DA:171,58
LF:117
LH:22
BRDA:19,0,0,58
BRDA:24,1,0,58
BRF:2
BRH:2
end_of_record
TN:
SF:src/daemon/state.ts
FN:70,<instance_members_initializer>
FN:78,DaemonState
FN:103,initMcpConnections
FN:118,refreshMcpConnections
FN:126,chat
FN:140,resolvedExecutor
FN:166,registerClient
FN:185,unregisterClient
FN:195,get clientCount
FN:199,getClients
FN:205,registerVSCodeConnection
FN:219,unregisterVSCodeConnection
FN:242,updateVSCodeWorkspace
FN:251,handleVSCodeResponse
FN:266,sendVSCodeRequest
FN:293,requestWorkspace
FN:309,invokeVSCodeTool
FN:331,requestVSCodeTools
FN:365,handleRegisterToolsNotification
FN:390,listVSCodeModels
FN:404,getFirstVSCodeConnection
FN:411,notifyModelsChanged
FN:428,getVSCodeWorkspaces
FN:453,getVSCodeConnectionIds
FN:457,hasVSCodeConnection
FNF:25
FNH:7
FNDA:58,<instance_members_initializer>
FNDA:58,DaemonState
FNDA:0,initMcpConnections
FNDA:0,refreshMcpConnections
FNDA:10,chat
FNDA:0,resolvedExecutor
FNDA:2,registerClient
FNDA:1,unregisterClient
FNDA:2,get clientCount
FNDA:2,getClients
FNDA:0,registerVSCodeConnection
FNDA:0,unregisterVSCodeConnection
FNDA:0,updateVSCodeWorkspace
FNDA:0,handleVSCodeResponse
FNDA:0,sendVSCodeRequest
FNDA:0,requestWorkspace
FNDA:0,invokeVSCodeTool
FNDA:0,requestVSCodeTools
FNDA:0,handleRegisterToolsNotification
FNDA:0,listVSCodeModels
FNDA:0,getFirstVSCodeConnection
FNDA:0,notifyModelsChanged
FNDA:0,getVSCodeWorkspaces
FNDA:0,getVSCodeConnectionIds
FNDA:0,hasVSCodeConnection
DA:8,1
DA:9,1
DA:12,1
DA:13,1
DA:14,1
DA:15,1
DA:16,1
DA:17,1
DA:18,1
DA:26,1
DA:27,1
DA:28,1
DA:30,1
DA:31,1
DA:36,1
DA:37,1
DA:38,1
DA:39,1
DA:40,1
DA:41,1
DA:42,1
DA:70,1
DA:71,58
DA:72,58
DA:73,58
DA:74,58
DA:75,58
DA:76,58
DA:78,58
DA:79,58
DA:82,58
DA:83,58
DA:84,58
DA:85,58
DA:86,58
DA:89,58
DA:90,58
DA:91,58
DA:94,58
DA:95,58
DA:96,58
DA:97,58
DA:103,58
DA:104,0
DA:106,0
DA:107,0
DA:108,0
DA:109,0
DA:110,0
DA:111,0
DA:112,0
DA:113,0
DA:118,58
DA:119,0
DA:120,0
DA:121,0
DA:122,0
DA:126,58
DA:127,10
DA:128,10
DA:129,10
DA:130,10
DA:131,10
DA:132,10
DA:133,10
DA:134,10
DA:135,10
DA:137,10
DA:138,10
DA:140,0
DA:141,0
DA:142,0
DA:143,0
DA:144,0
DA:145,0
DA:146,0
DA:147,0
DA:148,0
DA:149,0
DA:150,0
DA:151,0
DA:152,0
DA:153,0
DA:154,0
DA:155,10
DA:157,0
DA:158,0
DA:159,10
DA:161,10
DA:162,10
DA:166,58
DA:167,2
DA:168,2
DA:169,2
DA:170,2
DA:171,2
DA:173,2
DA:174,2
DA:175,2
DA:176,2
DA:177,2
DA:178,2
DA:179,2
DA:180,2
DA:182,2
DA:183,2
DA:185,58
DA:186,1
DA:187,1
DA:188,1
DA:190,1
DA:191,1
DA:192,1
DA:193,1
DA:195,58
DA:196,2
DA:197,2
DA:199,58
DA:200,2
DA:201,2
DA:205,58
DA:206,0
DA:208,0
DA:209,0
DA:210,0
DA:211,0
DA:212,0
DA:213,0
DA:215,0
DA:216,0
DA:217,0
DA:219,58
DA:220,0
DA:221,0
DA:223,0
DA:224,0
DA:225,0
DA:226,0
DA:227,0
DA:230,0
DA:231,0
DA:232,0
DA:233,0
DA:234,0
DA:235,0
DA:236,0
DA:237,0
DA:238,0
DA:239,0
DA:240,0
DA:242,58
DA:243,0
DA:244,0
DA:245,0
DA:246,0
DA:247,0
DA:248,0
DA:249,0
DA:251,58
DA:252,0
DA:253,0
DA:255,0
DA:256,0
DA:258,0
DA:259,0
DA:260,0
DA:261,0
DA:262,0
DA:263,0
DA:264,0
DA:266,58
DA:267,0
DA:268,0
DA:269,0
DA:270,0
DA:272,0
DA:273,0
DA:275,0
DA:276,0
DA:277,0
DA:278,0
DA:279,0
DA:281,0
DA:283,0
DA:284,0
DA:285,0
DA:286,0
DA:287,0
DA:288,0
DA:289,0
DA:290,0
DA:291,0
DA:293,58
DA:294,0
DA:295,0
DA:296,0
DA:298,0
DA:299,0
DA:300,0
DA:302,0
DA:303,0
DA:304,0
DA:306,0
DA:307,0
DA:309,58
DA:310,0
DA:311,0
DA:313,0
DA:314,0
DA:315,0
DA:316,0
DA:317,0
DA:318,0
DA:320,0
DA:321,0
DA:322,0
DA:323,0
DA:324,0
DA:325,0
DA:331,58
DA:332,0
DA:333,0
DA:334,0
DA:336,0
DA:337,0
DA:339,0
DA:340,0
DA:341,0
DA:342,0
DA:345,0
DA:346,0
DA:347,0
DA:348,0
DA:351,0
DA:352,0
DA:353,0
DA:354,0
DA:355,0
DA:357,0
DA:358,0
DA:359,0
DA:365,58
DA:366,0
DA:367,0
DA:368,0
DA:369,0
DA:370,0
DA:373,0
DA:375,0
DA:376,0
DA:377,0
DA:378,0
DA:379,0
DA:381,0
DA:382,0
DA:383,0
DA:384,0
DA:387,0
DA:388,0
DA:390,58
DA:391,0
DA:392,0
DA:394,0
DA:395,0
DA:396,0
DA:397,0
DA:398,0
DA:400,0
DA:401,0
DA:402,0
DA:404,58
DA:405,0
DA:406,0
DA:407,0
DA:408,0
DA:409,0
DA:411,58
DA:412,0
DA:413,0
DA:414,0
DA:415,0
DA:416,0
DA:417,0
DA:418,0
DA:419,0
DA:420,0
DA:421,0
DA:422,0
DA:423,0
DA:424,0
DA:425,0
DA:426,0
DA:428,58
DA:429,0
DA:431,0
DA:432,0
DA:433,0
DA:434,0
DA:435,0
DA:436,0
DA:437,0
DA:438,0
DA:439,0
DA:440,0
DA:442,0
DA:443,0
DA:444,0
DA:445,0
DA:446,0
DA:447,0
DA:448,0
DA:450,0
DA:451,0
DA:453,58
DA:454,0
DA:455,0
DA:457,58
DA:458,0
DA:459,0
DA:460,58
LF:320
LH:106
BRDA:36,0,0,2
BRDA:70,1,0,58
BRDA:78,2,0,58
BRDA:126,3,0,10
BRDA:135,4,0,0
BRDA:138,5,0,0
BRDA:138,6,0,0
BRDA:138,7,0,0
BRDA:155,8,0,0
BRDA:166,9,0,2
BRDA:179,10,0,1
BRDA:179,11,0,1
BRDA:185,12,0,1
BRDA:195,13,0,2
BRDA:199,14,0,2
BRF:15
BRH:10
end_of_record
TN:
SF:src/daemon/tool-router.ts
FN:28,<instance_members_initializer>
FN:35,setVSCodeInvoker
FN:42,setMcpCaller
FN:52,buildFallbackExecutor
FNF:4
FNH:3
FNDA:58,<instance_members_initializer>
FNDA:58,setVSCodeInvoker
FNDA:58,setMcpCaller
FNDA:0,buildFallbackExecutor
DA:28,1
DA:29,58
DA:30,58
DA:35,58
DA:36,58
DA:37,58
DA:42,58
DA:43,58
DA:44,58
DA:52,58
DA:53,0
DA:54,0
DA:55,0
DA:56,0
DA:57,0
DA:58,0
DA:59,0
DA:60,0
DA:61,0
DA:62,0
DA:63,0
DA:64,0
DA:65,0
DA:66,0
DA:67,0
DA:68,0
DA:69,0
DA:71,0
DA:72,0
DA:73,0
DA:74,0
DA:75,0
DA:76,0
DA:78,0
DA:80,0
DA:81,0
DA:83,0
DA:85,0
DA:86,0
DA:87,0
DA:88,0
DA:89,0
DA:90,58
LF:43
LH:11
BRDA:28,0,0,58
BRDA:35,1,0,58
BRDA:42,2,0,58
BRF:3
BRH:3
end_of_record
TN:
SF:src/daemon/transport.ts
FN:27,getDefaultSocketPath
FN:34,getPidFilePath
FN:41,ensureSocketDir
FN:52,ensureRuntimeDir
FN:63,cleanupSocket
FN:78,writePidFile
FN:87,readPidFile
FN:105,removePidFile
FN:120,isProcessRunning
FN:133,isDaemonRunning
FN:176,isDaemonRunningSync
FN:194,killDaemon
FN:228,getTransport
FNF:13
FNH:1
FNDA:2,getDefaultSocketPath
FNDA:0,getPidFilePath
FNDA:0,ensureSocketDir
FNDA:0,ensureRuntimeDir
FNDA:0,cleanupSocket
FNDA:0,writePidFile
FNDA:0,readPidFile
FNDA:0,removePidFile
FNDA:0,isProcessRunning
FNDA:0,isDaemonRunning
FNDA:0,isDaemonRunningSync
FNDA:0,killDaemon
FNDA:0,getTransport
DA:8,1
DA:9,1
DA:10,1
DA:11,1
DA:27,1
DA:28,2
DA:29,2
DA:34,1
DA:35,0
DA:36,0
DA:41,1
DA:42,0
DA:44,0
DA:45,0
DA:46,0
DA:47,0
DA:52,1
DA:53,0
DA:55,0
DA:56,0
DA:57,0
DA:58,0
DA:63,1
DA:64,0
DA:66,0
DA:67,0
DA:68,0
DA:69,0
DA:71,0
DA:72,0
DA:73,0
DA:78,1
DA:79,0
DA:80,0
DA:81,0
DA:82,0
DA:87,1
DA:88,0
DA:90,0
DA:91,0
DA:92,0
DA:94,0
DA:95,0
DA:96,0
DA:97,0
DA:98,0
DA:99,0
DA:100,0
DA:105,1
DA:106,0
DA:108,0
DA:109,0
DA:110,0
DA:111,0
DA:113,0
DA:114,0
DA:115,0
DA:120,1
DA:121,0
DA:123,0
DA:124,0
DA:125,0
DA:126,0
DA:127,0
DA:128,0
DA:133,1
DA:134,0
DA:137,0
DA:138,0
DA:139,0
DA:140,0
DA:143,0
DA:144,0
DA:145,0
DA:148,0
DA:149,0
DA:151,0
DA:152,0
DA:153,0
DA:154,0
DA:156,0
DA:157,0
DA:158,0
DA:159,0
DA:160,0
DA:162,0
DA:163,0
DA:164,0
DA:165,0
DA:166,0
DA:167,0
DA:176,1
DA:177,0
DA:178,0
DA:179,0
DA:180,0
DA:183,0
DA:184,0
DA:185,0
DA:186,0
DA:188,0
DA:189,0
DA:194,1
DA:195,0
DA:197,0
DA:198,0
DA:199,0
DA:201,0
DA:203,0
DA:206,0
DA:207,0
DA:208,0
DA:209,0
DA:210,0
DA:212,0
DA:215,0
DA:216,0
DA:217,0
DA:219,0
DA:220,0
DA:221,0
DA:222,0
DA:223,0
DA:228,1
DA:229,0
DA:230,0
DA:231,0
DA:232,0
DA:233,0
LF:129
LH:19
BRDA:27,0,0,2
BRF:1
BRH:1
end_of_record
TN:
SF:src/daemon/secrets/keychain.ts
FN:13,isSea
FN:35,<instance_members_initializer>
FNF:2
FNH:0
FNDA:0,isSea
FNDA:0,<instance_members_initializer>
DA:6,1
DA:8,1
DA:13,0
DA:14,0
DA:17,0
DA:18,0
DA:19,0
DA:20,0
DA:21,0
DA:22,0
DA:35,1
DA:36,0
DA:37,0
DA:39,0
DA:41,0
DA:42,0
DA:44,0
DA:45,0
DA:46,0
DA:48,0
DA:49,0
DA:51,0
DA:52,0
DA:54,0
DA:55,0
DA:56,0
DA:57,0
DA:58,0
DA:59,0
DA:60,0
DA:61,0
DA:62,0
DA:63,0
DA:64,0
DA:70,0
DA:71,0
DA:72,0
DA:75,0
DA:76,0
DA:78,0
DA:79,0
DA:81,0
DA:82,0
DA:83,0
DA:85,0
DA:86,0
DA:87,0
DA:88,0
DA:89,0
DA:90,0
DA:91,0
DA:92,0
DA:94,0
DA:95,0
DA:96,0
DA:97,0
DA:98,0
DA:100,0
DA:101,0
DA:102,0
DA:103,0
DA:104,0
DA:105,0
DA:106,0
DA:108,0
DA:109,0
DA:110,0
DA:112,0
DA:113,0
DA:114,0
DA:115,0
DA:116,0
DA:117,0
DA:118,0
DA:119,0
DA:121,0
DA:122,0
DA:123,0
DA:124,0
DA:125,0
LF:80
LH:3
BRDA:35,0,0,0
BRF:1
BRH:0
end_of_record
TN:
SF:src/daemon/server/abbenay-service.ts
FN:221,toClientType
FN:246,toRole
FN:268,createAbbenayService
FN:1281,toTimestamp
FN:1286,sessionToProto
FN:1310,summaryToProto
FN:1322,policyToProto
FN:1358,validateEnum
FN:1371,protoToPolicyConfig
FN:1402,transportProtoToConfig
FN:1436,authorizeMcpRegister
FN:1484,authorizeInlinePolicy
FNF:12
FNH:4
FNDA:0,toClientType
FNDA:0,toRole
FNDA:0,createAbbenayService
FNDA:0,toTimestamp
FNDA:0,sessionToProto
FNDA:0,summaryToProto
FNDA:0,policyToProto
FNDA:7,validateEnum
FNDA:6,protoToPolicyConfig
FNDA:0,transportProtoToConfig
FNDA:5,authorizeMcpRegister
FNDA:6,authorizeInlinePolicy
DA:5,1
DA:6,1
DA:7,1
DA:8,1
DA:14,1
DA:15,1
DA:16,1
DA:221,0
DA:222,0
DA:223,0
DA:224,0
DA:225,0
DA:226,0
DA:227,0
DA:228,0
DA:229,0
DA:230,0
DA:231,0
DA:232,0
DA:233,0
DA:234,0
DA:235,0
DA:236,0
DA:237,0
DA:238,0
DA:239,0
DA:240,0
DA:241,0
DA:246,0
DA:247,0
DA:248,0
DA:249,0
DA:250,0
DA:251,0
DA:252,0
DA:253,0
DA:254,0
DA:255,0
DA:256,0
DA:257,0
DA:258,0
DA:259,0
DA:260,0
DA:261,0
DA:262,0
DA:263,0
DA:268,1
DA:269,0
DA:273,0
DA:274,0
DA:275,0
DA:276,0
DA:277,0
DA:281,0
DA:282,0
DA:284,0
DA:285,0
DA:286,0
DA:287,0
DA:288,0
DA:290,0
DA:291,0
DA:292,0
DA:293,0
DA:294,0
DA:299,0
DA:300,0
DA:301,0
DA:302,0
DA:303,0
DA:304,0
DA:305,0
DA:310,0
DA:311,0
DA:312,0
DA:313,0
DA:314,0
DA:315,0
DA:316,0
DA:317,0
DA:318,0
DA:319,0
DA:320,0
DA:321,0
DA:322,0
DA:323,0
DA:324,0
DA:325,0
DA:326,0
DA:327,0
DA:328,0
DA:329,0
DA:330,0
DA:331,0
DA:332,0
DA:333,0
DA:338,0
DA:339,0
DA:340,0
DA:341,0
DA:342,0
DA:343,0
DA:344,0
DA:345,0
DA:346,0
DA:347,0
DA:348,0
DA:349,0
DA:350,0
DA:351,0
DA:352,0
DA:353,0
DA:354,0
DA:355,0
DA:356,0
DA:357,0
DA:358,0
DA:359,0
DA:360,0
DA:361,0
DA:362,0
DA:363,0
DA:364,0
DA:365,0
DA:366,0
DA:367,0
DA:368,0
DA:369,0
DA:370,0
DA:371,0
DA:372,0
DA:373,0
DA:374,0
DA:375,0
DA:380,0
DA:381,0
DA:382,0
DA:383,0
DA:384,0
DA:385,0
DA:386,0
DA:387,0
DA:388,0
DA:389,0
DA:390,0
DA:391,0
DA:392,0
DA:393,0
DA:394,0
DA:395,0
DA:396,0
DA:397,0
DA:398,0
DA:399,0
DA:400,0
DA:401,0
DA:402,0
DA:403,0
DA:404,0
DA:405,0
DA:406,0
DA:407,0
DA:408,0
DA:409,0
DA:410,0
DA:411,0
DA:412,0
DA:413,0
DA:418,0
DA:419,0
DA:420,0
DA:422,0
DA:423,0
DA:424,0
DA:426,0
DA:427,0
DA:428,0
DA:429,0
DA:431,0
DA:432,0
DA:433,0
DA:434,0
DA:435,0
DA:438,0
DA:439,0
DA:440,0
DA:441,0
DA:442,0
DA:443,0
DA:444,0
DA:445,0
DA:448,0
DA:449,0
DA:450,0
DA:451,0
DA:452,0
DA:453,0
DA:456,0
DA:457,0
DA:458,0
DA:460,0
DA:461,0
DA:462,0
DA:463,0
DA:464,0
DA:465,0
DA:468,0
DA:469,0
DA:470,0
DA:471,0
DA:472,0
DA:473,0
DA:474,0
DA:475,0
DA:476,0
DA:477,0
DA:480,0
DA:481,0
DA:482,0
DA:483,0
DA:484,0
DA:485,0
DA:486,0
DA:487,0
DA:488,0
DA:489,0
DA:492,0
DA:493,0
DA:494,0
DA:495,0
DA:496,0
DA:497,0
DA:502,0
DA:504,0
DA:505,0
DA:506,0
DA:507,0
DA:508,0
DA:509,0
DA:510,0
DA:511,0
DA:512,0
DA:513,0
DA:514,0
DA:515,0
DA:516,0
DA:517,0
DA:518,0
DA:519,0
DA:520,0
DA:522,0
DA:523,0
DA:524,0
DA:525,0
DA:526,0
DA:527,0
DA:528,0
DA:529,0
DA:530,0
DA:531,0
DA:532,0
DA:533,0
DA:534,0
DA:535,0
DA:536,0
DA:537,0
DA:538,0
DA:539,0
DA:540,0
DA:541,0
DA:542,0
DA:543,0
DA:544,0
DA:549,0
DA:550,0
DA:551,0
DA:552,0
DA:553,0
DA:555,0
DA:556,0
DA:557,0
DA:558,0
DA:559,0
DA:560,0
DA:561,0
DA:562,0
DA:563,0
DA:564,0
DA:565,0
DA:566,0
DA:571,0
DA:572,0
DA:573,0
DA:574,0
DA:575,0
DA:577,0
DA:578,0
DA:580,0
DA:581,0
DA:582,0
DA:583,0
DA:584,0
DA:585,0
DA:586,0
DA:587,0
DA:592,0
DA:593,0
DA:594,0
DA:595,0
DA:596,0
DA:597,0
DA:598,0
DA:599,0
DA:600,0
DA:601,0
DA:602,0
DA:603,0
DA:604,0
DA:609,0
DA:610,0
DA:611,0
DA:612,0
DA:614,0
DA:615,0
DA:616,0
DA:617,0
DA:618,0
DA:619,0
DA:621,0
DA:622,0
DA:623,0
DA:624,0
DA:625,0
DA:626,0
DA:627,0
DA:628,0
DA:629,0
DA:634,0
DA:635,0
DA:636,0
DA:637,0
DA:638,0
DA:639,0
DA:640,0
DA:649,0
DA:650,0
DA:652,0
DA:655,0
DA:656,0
DA:657,0
DA:658,0
DA:659,0
DA:662,0
DA:663,0
DA:664,0
DA:665,0
DA:666,0
DA:667,0
DA:668,0
DA:669,0
DA:670,0
DA:671,0
DA:672,0
DA:673,0
DA:676,0
DA:677,0
DA:680,0
DA:681,0
DA:682,0
DA:683,0
DA:684,0
DA:687,0
DA:688,0
DA:690,0
DA:691,0
DA:692,0
DA:693,0
DA:694,0
DA:696,0
DA:697,0
DA:698,0
DA:699,0
DA:700,0
DA:705,0
DA:706,0
DA:707,0
DA:708,0
DA:709,0
DA:711,0
DA:712,0
DA:713,0
DA:714,0
DA:715,0
DA:716,0
DA:717,0
DA:718,0
DA:719,0
DA:720,0
DA:721,0
DA:722,0
DA:723,0
DA:724,0
DA:725,0
DA:726,0
DA:727,0
DA:728,0
DA:729,0
DA:730,0
DA:735,0
DA:736,0
DA:737,0
DA:738,0
DA:739,0
DA:740,0
DA:741,0
DA:742,0
DA:743,0
DA:748,0
DA:749,0
DA:750,0
DA:751,0
DA:752,0
DA:754,0
DA:755,0
DA:756,0
DA:757,0
DA:758,0
DA:759,0
DA:760,0
DA:761,0
DA:762,0
DA:764,0
DA:765,0
DA:766,0
DA:767,0
DA:768,0
DA:769,0
DA:770,0
DA:775,0
DA:776,0
DA:777,0
DA:778,0
DA:780,0
DA:781,0
DA:782,0
DA:783,0
DA:784,0
DA:785,0
DA:786,0
DA:788,0
DA:789,0
DA:794,0
DA:795,0
DA:796,0
DA:797,0
DA:798,0
DA:799,0
DA:800,0
DA:801,0
DA:802,0
DA:803,0
DA:804,0
DA:805,0
DA:806,0
DA:807,0
DA:812,0
DA:813,0
DA:814,0
DA:815,0
DA:816,0
DA:818,0
DA:819,0
DA:820,0
DA:821,0
DA:822,0
DA:823,0
DA:824,0
DA:825,0
DA:826,0
DA:827,0
DA:828,0
DA:829,0
DA:830,0
DA:831,0
DA:832,0
DA:833,0
DA:834,0
DA:835,0
DA:840,0
DA:841,0
DA:842,0
DA:843,0
DA:844,0
DA:846,0
DA:847,0
DA:848,0
DA:849,0
DA:850,0
DA:851,0
DA:852,0
DA:853,0
DA:854,0
DA:855,0
DA:857,0
DA:858,0
DA:859,0
DA:860,0
DA:861,0
DA:862,0
DA:863,0
DA:864,0
DA:865,0
DA:866,0
DA:867,0
DA:868,0
DA:869,0
DA:870,0
DA:871,0
DA:876,0
DA:877,0
DA:878,0
DA:879,0
DA:880,0
DA:881,0
DA:882,0
DA:883,0
DA:884,0
DA:885,0
DA:886,0
DA:887,0
DA:888,0
DA:893,0
DA:894,0
DA:895,0
DA:896,0
DA:897,0
DA:898,0
DA:900,0
DA:901,0
DA:902,0
DA:903,0
DA:907,0
DA:908,0
DA:909,0
DA:910,0
DA:911,0
DA:912,0
DA:913,0
DA:914,0
DA:915,0
DA:916,0
DA:917,0
DA:918,0
DA:919,0
DA:920,0
DA:921,0
DA:923,0
DA:924,0
DA:925,0
DA:926,0
DA:927,0
DA:928,0
DA:929,0
DA:930,0
DA:931,0
DA:932,0
DA:933,0
DA:934,0
DA:935,0
DA:936,0
DA:937,0
DA:938,0
DA:940,0
DA:941,0
DA:942,0
DA:943,0
DA:944,0
DA:945,0
DA:946,0
DA:947,0
DA:948,0
DA:949,0
DA:950,0
DA:951,0
DA:952,0
DA:953,0
DA:954,0
DA:955,0
DA:956,0
DA:957,0
DA:959,0
DA:960,0
DA:961,0
DA:962,0
DA:963,0
DA:964,0
DA:965,0
DA:966,0
DA:967,0
DA:968,0
DA:970,0
DA:971,0
DA:972,0
DA:973,0
DA:974,0
DA:975,0
DA:976,0
DA:978,0
DA:979,0
DA:980,0
DA:982,0
DA:983,0
DA:984,0
DA:985,0
DA:986,0
DA:987,0
DA:988,0
DA:989,0
DA:990,0
DA:991,0
DA:993,0
DA:994,0
DA:995,0
DA:996,0
DA:997,0
DA:998,0
DA:999,0
DA:1001,0
DA:1002,0
DA:1003,0
DA:1004,0
DA:1005,0
DA:1006,0
DA:1007,0
DA:1008,0
DA:1010,0
DA:1011,0
DA:1012,0
DA:1015,0
DA:1016,0
DA:1017,0
DA:1018,0
DA:1019,0
DA:1020,0
DA:1021,0
DA:1022,0
DA:1023,0
DA:1024,0
DA:1027,0
DA:1028,0
DA:1029,0
DA:1030,0
DA:1031,0
DA:1032,0
DA:1033,0
DA:1034,0
DA:1035,0
DA:1036,0
DA:1038,0
DA:1039,0
DA:1040,0
DA:1041,0
DA:1043,0
DA:1044,0
DA:1045,0
DA:1046,0
DA:1047,0
DA:1048,0
DA:1049,0
DA:1051,0
DA:1053,0
DA:1054,0
DA:1055,0
DA:1056,0
DA:1057,0
DA:1058,0
DA:1059,0
DA:1061,0
DA:1062,0
DA:1063,0
DA:1064,0
DA:1065,0
DA:1066,0
DA:1067,0
DA:1068,0
DA:1069,0
DA:1070,0
DA:1071,0
DA:1072,0
DA:1073,0
DA:1074,0
DA:1075,0
DA:1076,0
DA:1077,0
DA:1078,0
DA:1080,0
DA:1081,0
DA:1082,0
DA:1085,0
DA:1086,0
DA:1087,0
DA:1088,0
DA:1089,0
DA:1090,0
DA:1092,0
DA:1093,0
DA:1094,0
DA:1095,0
DA:1096,0
DA:1097,0
DA:1098,0
DA:1099,0
DA:1100,0
DA:1101,0
DA:1102,0
DA:1103,0
DA:1104,0
DA:1105,0
DA:1106,0
DA:1107,0
DA:1108,0
DA:1109,0
DA:1110,0
DA:1111,0
DA:1112,0
DA:1113,0
DA:1115,0
DA:1116,0
DA:1117,0
DA:1118,0
DA:1120,0
DA:1121,0
DA:1122,0
DA:1123,0
DA:1125,0
DA:1126,0
DA:1127,0
DA:1128,0
DA:1129,0
DA:1130,0
DA:1131,0
DA:1132,0
DA:1133,0
DA:1134,0
DA:1135,0
DA:1136,0
DA:1137,0
DA:1138,0
DA:1139,0
DA:1140,0
DA:1141,0
DA:1142,0
DA:1143,0
DA:1144,0
DA:1145,0
DA:1146,0
DA:1151,0
DA:1152,0
DA:1153,0
DA:1154,0
DA:1155,0
DA:1156,0
DA:1157,0
DA:1158,0
DA:1159,0
DA:1160,0
DA:1161,0
DA:1162,0
DA:1163,0
DA:1164,0
DA:1165,0
DA:1166,0
DA:1167,0
DA:1172,0
DA:1173,0
DA:1174,0
DA:1175,0
DA:1176,0
DA:1177,0
DA:1178,0
DA:1179,0
DA:1180,0
DA:1181,0
DA:1182,0
DA:1183,0
DA:1184,0
DA:1185,0
DA:1190,0
DA:1191,0
DA:1192,0
DA:1193,0
DA:1194,0
DA:1196,0
DA:1197,0
DA:1198,0
DA:1199,0
DA:1200,0
DA:1201,0
DA:1202,0
DA:1203,0
DA:1206,0
DA:1207,0
DA:1208,0
DA:1209,0
DA:1210,0
DA:1211,0
DA:1212,0
DA:1213,0
DA:1216,0
DA:1217,0
DA:1219,0
DA:1221,0
DA:1222,0
DA:1223,0
DA:1224,0
DA:1225,0
DA:1226,0
DA:1227,0
DA:1228,0
DA:1230,0
DA:1231,0
DA:1232,0
DA:1233,0
DA:1234,0
DA:1235,0
DA:1236,0
DA:1237,0
DA:1238,0
DA:1239,0
DA:1240,0
DA:1241,0
DA:1242,0
DA:1243,0
DA:1244,0
DA:1245,0
DA:1246,0
DA:1251,0
DA:1252,0
DA:1253,0
DA:1254,0
DA:1255,0
DA:1256,0
DA:1258,0
DA:1259,0
DA:1260,0
DA:1261,0
DA:1262,0
DA:1263,0
DA:1264,0
DA:1265,0
DA:1266,0
DA:1268,0
DA:1269,0
DA:1270,0
DA:1271,0
DA:1272,0
DA:1273,0
DA:1274,0
DA:1275,0
DA:1276,0
DA:1277,0
DA:1278,0
DA:1279,0
DA:1281,0
DA:1282,0
DA:1283,0
DA:1284,0
DA:1286,0
DA:1287,0
DA:1288,0
DA:1289,0
DA:1290,0
DA:1291,0
DA:1292,0
DA:1293,0
DA:1294,0
DA:1295,0
DA:1296,0
DA:1297,0
DA:1298,0
DA:1299,0
DA:1300,0
DA:1301,0
DA:1302,0
DA:1303,0
DA:1304,0
DA:1305,0
DA:1306,0
DA:1307,0
DA:1308,0
DA:1310,0
DA:1311,0
DA:1312,0
DA:1313,0
DA:1314,0
DA:1315,0
DA:1316,0
DA:1317,0
DA:1318,0
DA:1319,0
DA:1320,0
DA:1322,0
DA:1323,0
DA:1324,0
DA:1325,0
DA:1326,0
DA:1327,0
DA:1328,0
DA:1329,0
DA:1330,0
DA:1331,0
DA:1332,0
DA:1333,0
DA:1334,0
DA:1335,0
DA:1336,0
DA:1337,0
DA:1338,0
DA:1339,0
DA:1340,0
DA:1341,0
DA:1342,0
DA:1343,0
DA:1344,0
DA:1345,0
DA:1346,0
DA:1347,0
DA:1348,0
DA:1349,0
DA:1353,1
DA:1354,1
DA:1355,1
DA:1356,1
DA:1358,7
DA:1359,7
DA:1360,7
DA:1361,7
DA:1362,7
DA:1363,7
DA:1364,7
DA:1365,4
DA:1366,4
DA:1367,1
DA:1368,1
DA:1371,1
DA:1372,6
DA:1373,6
DA:1374,2
DA:1375,2
DA:1376,2
DA:1377,6
DA:1378,6
DA:1379,3
DA:1380,3
DA:1381,3
DA:1382,3
DA:1383,3
DA:1384,6
DA:1385,6
DA:1386,1
DA:1387,1
DA:1388,6
DA:1389,6
DA:1390,1
DA:1391,1
DA:1392,6
DA:1393,6
DA:1394,1
DA:1395,1
DA:1396,6
DA:1397,6
DA:1398,6
DA:1402,0
DA:1403,0
DA:1405,0
DA:1406,0
DA:1407,0
DA:1408,0
DA:1409,0
DA:1410,0
DA:1411,0
DA:1412,0
DA:1413,0
DA:1414,0
DA:1415,0
DA:1416,0
DA:1418,0
DA:1419,0
DA:1420,0
DA:1421,0
DA:1422,0
DA:1423,0
DA:1424,0
DA:1425,0
DA:1426,0
DA:1427,0
DA:1428,0
DA:1430,0
DA:1431,0
DA:1436,1
DA:1437,5
DA:1438,5
DA:1439,5
DA:1440,5
DA:1442,5
DA:1443,1
DA:1444,1
DA:1446,4
DA:1447,5
DA:1449,5
DA:1450,1
DA:1451,1
DA:1452,1
DA:1453,1
DA:1454,1
DA:1456,3
DA:1457,3
DA:1458,3
DA:1459,0
DA:1461,3
DA:1463,3
DA:1464,1
DA:1465,1
DA:1466,3
DA:1468,2
DA:1469,2
DA:1470,2
DA:1471,2
DA:1472,2
DA:1484,1
DA:1485,6
DA:1486,6
DA:1487,6
DA:1488,6
DA:1491,6
DA:1492,2
DA:1493,2
DA:1495,4
DA:1496,6
DA:1498,6
DA:1499,1
DA:1500,1
DA:1501,1
DA:1502,1
DA:1503,1
DA:1505,3
DA:1506,3
DA:1507,3
DA:1508,0
DA:1510,3
DA:1512,3
DA:1513,1
DA:1514,1
DA:1515,3
DA:1517,2
DA:1518,2
DA:1519,2
DA:1520,2
DA:1521,2
LF:1059
LH:109
BRDA:1358,0,0,7
BRDA:1363,1,0,2
BRDA:1363,2,0,5
BRDA:1364,3,0,4
BRDA:1366,4,0,1
BRDA:1371,5,0,6
BRDA:1373,6,0,2
BRDA:1377,7,0,4
BRDA:1378,8,0,3
BRDA:1384,9,0,3
BRDA:1385,10,0,1
BRDA:1388,11,0,3
BRDA:1389,12,0,1
BRDA:1392,13,0,2
BRDA:1393,14,0,1
BRDA:1396,15,0,1
BRDA:1436,16,0,5
BRDA:1442,17,0,4
BRDA:1442,18,0,1
BRDA:1444,19,0,4
BRDA:1447,20,0,3
BRDA:1447,21,0,1
BRDA:1449,22,0,1
BRDA:1454,23,0,3
BRDA:1458,24,0,0
BRDA:1461,25,0,0
BRDA:1463,26,0,2
BRDA:1463,27,0,1
BRDA:1466,28,0,2
BRDA:1484,29,0,6
BRDA:1491,30,0,5
BRDA:1491,31,0,2
BRDA:1493,32,0,4
BRDA:1496,33,0,3
BRDA:1496,34,0,1
BRDA:1498,35,0,1
BRDA:1503,36,0,3
BRDA:1507,37,0,0
BRDA:1510,38,0,0
BRDA:1512,39,0,2
BRDA:1512,40,0,1
BRDA:1515,41,0,2
BRF:42
BRH:38
end_of_record
TN:
SF:src/daemon/web/grpc-web-control.ts
FN:1,(empty-report)
FNF:1
FNH:1
FNDA:1,(empty-report)
DA:9,0
DA:10,0
DA:11,0
DA:12,0
DA:13,0
DA:14,0
DA:16,0
DA:17,0
DA:26,0
DA:27,0
DA:28,0
DA:29,0
DA:30,0
DA:31,0
DA:32,0
DA:34,0
DA:35,0
DA:36,0
DA:37,0
DA:38,0
DA:39,0
DA:40,0
DA:42,0
DA:43,0
DA:62,0
DA:63,0
DA:64,0
DA:66,0
DA:67,0
DA:68,0
DA:69,0
DA:70,0
DA:71,0
DA:72,0
DA:73,0
DA:75,0
DA:76,0
DA:77,0
DA:78,0
DA:79,0
DA:80,0
DA:82,0
DA:83,0
DA:84,0
DA:85,0
DA:86,0
DA:87,0
DA:88,0
DA:89,0
DA:94,0
DA:99,0
DA:100,0
DA:101,0
DA:102,0
DA:103,0
DA:104,0
DA:105,0
DA:106,0
DA:107,0
DA:112,0
DA:113,0
DA:114,0
DA:115,0
DA:116,0
DA:117,0
DA:118,0
DA:119,0
LF:67
LH:0
BRDA:1,0,0,1
BRF:1
BRH:1
end_of_record
TN:
SF:src/daemon/web/openai-compat.ts
FN:17,mapModelToOpenAI
FN:31,mapFinishReason
FN:38,generateChatId
FN:48,buildStreamChunk
FN:95,buildCompleteResponse
FN:116,openAIError
FN:125,registerOpenAIRoutes
FN:203,handleStreaming
FN:224,safeWrite
FN:229,safeEnd
FN:271,handleNonStreaming
FNF:11
FNH:11
FNDA:11,mapModelToOpenAI
FNDA:24,mapFinishReason
FNDA:26,generateChatId
FNDA:30,buildStreamChunk
FNDA:9,buildCompleteResponse
FNDA:4,openAIError
FNDA:3,registerOpenAIRoutes
FNDA:8,handleStreaming
FNDA:29,safeWrite
FNDA:8,safeEnd
FNDA:7,handleNonStreaming
DA:9,1
DA:17,1
DA:22,11
DA:23,11
DA:24,11
DA:25,11
DA:26,11
DA:27,11
DA:28,11
DA:29,11
DA:31,1
DA:32,24
DA:33,24
DA:34,12
DA:35,3
DA:36,3
DA:38,1
DA:39,26
DA:40,26
DA:48,1
DA:49,30
DA:50,30
DA:51,30
DA:52,30
DA:53,30
DA:54,30
DA:55,30
DA:56,30
DA:57,30
DA:58,30
DA:59,30
DA:61,30
DA:62,15
DA:63,15
DA:64,15
DA:65,15
DA:67,30
DA:68,2
DA:69,2
DA:70,2
DA:71,2
DA:72,2
DA:73,2
DA:74,2
DA:75,2
DA:76,2
DA:77,0
DA:78,2
DA:79,2
DA:80,2
DA:81,2
DA:82,2
DA:84,30
DA:85,9
DA:86,9
DA:87,9
DA:88,9
DA:89,9
DA:92,4
DA:93,4
DA:95,1
DA:96,9
DA:97,9
DA:98,9
DA:99,9
DA:100,9
DA:101,9
DA:102,9
DA:103,9
DA:104,9
DA:105,9
DA:106,9
DA:107,9
DA:108,9
DA:109,9
DA:110,9
DA:111,9
DA:112,9
DA:113,9
DA:114,9
DA:116,4
DA:117,4
DA:118,4
DA:125,1
DA:129,3
DA:130,3
DA:131,3
DA:132,3
DA:133,3
DA:134,3
DA:135,3
DA:136,3
DA:137,0
DA:138,0
DA:139,0
DA:140,3
DA:145,3
DA:146,18
DA:147,18
DA:148,18
DA:149,18
DA:150,18
DA:151,18
DA:152,18
DA:153,18
DA:154,18
DA:156,18
DA:157,1
DA:158,1
DA:159,1
DA:160,18
DA:161,2
DA:162,2
DA:163,2
DA:165,15
DA:166,15
DA:167,15
DA:168,15
DA:169,15
DA:170,15
DA:171,15
DA:172,15
DA:173,15
DA:175,15
DA:176,18
DA:177,18
DA:178,18
DA:179,18
DA:180,15
DA:185,15
DA:186,15
DA:187,15
DA:188,15
DA:190,15
DA:191,15
DA:193,18
DA:194,8
DA:195,18
DA:196,7
DA:197,7
DA:198,3
DA:199,3
DA:203,8
DA:204,8
DA:205,8
DA:206,8
DA:207,8
DA:208,8
DA:209,8
DA:210,8
DA:211,8
DA:212,8
DA:213,8
DA:214,8
DA:215,8
DA:216,8
DA:217,8
DA:218,8
DA:220,8
DA:221,8
DA:222,8
DA:224,8
DA:225,29
DA:226,29
DA:227,29
DA:229,8
DA:230,8
DA:231,8
DA:232,8
DA:233,8
DA:234,8
DA:236,8
DA:238,8
DA:240,8
DA:241,8
DA:242,8
DA:243,21
DA:245,21
DA:246,1
DA:247,1
DA:249,21
DA:250,21
DA:251,20
DA:252,20
DA:253,20
DA:255,21
DA:256,0
DA:257,0
DA:258,21
DA:259,8
DA:260,1
DA:261,1
DA:262,8
DA:263,8
DA:264,8
DA:265,8
DA:266,8
DA:267,8
DA:271,7
DA:272,7
DA:273,7
DA:274,7
DA:275,7
DA:276,7
DA:277,7
DA:278,7
DA:279,7
DA:280,7
DA:281,7
DA:282,7
DA:283,7
DA:285,7
DA:286,18
DA:287,12
DA:288,18
DA:289,6
DA:290,6
DA:291,0
DA:292,0
DA:293,0
DA:294,18
DA:296,6
DA:297,7
DA:298,1
DA:299,1
DA:300,1
DA:301,7
LF:227
LH:218
BRDA:17,0,0,11
BRDA:31,1,0,24
BRDA:32,2,0,16
BRDA:32,3,0,8
BRDA:33,4,0,2
BRDA:33,5,0,12
BRDA:33,6,0,6
BRDA:34,7,0,3
BRDA:34,8,0,3
BRDA:38,9,0,26
BRDA:48,10,0,30
BRDA:61,11,0,15
BRDA:63,12,0,7
BRDA:67,13,0,4
BRDA:67,14,0,2
BRDA:67,15,0,2
BRDA:69,16,0,1
BRDA:76,17,0,0
BRDA:78,18,0,0
BRDA:82,19,0,13
BRDA:84,20,0,9
BRDA:89,21,0,4
BRDA:95,22,0,9
BRDA:116,23,0,4
BRDA:125,24,0,3
BRDA:129,25,0,3
BRDA:136,26,0,0
BRDA:145,27,0,18
BRDA:156,28,0,1
BRDA:159,29,0,17
BRDA:160,30,0,16
BRDA:160,31,0,16
BRDA:160,32,0,2
BRDA:163,33,0,15
BRDA:176,34,0,1
BRDA:176,35,0,15
BRDA:177,36,0,1
BRDA:177,37,0,15
BRDA:178,38,0,14
BRDA:179,39,0,2
BRDA:179,40,0,15
BRDA:193,41,0,8
BRDA:194,42,0,0
BRDA:195,43,0,7
BRDA:196,44,0,2
BRDA:196,45,0,5
BRDA:166,46,0,15
BRDA:167,47,0,0
BRDA:168,48,0,0
BRDA:203,49,0,8
BRDA:224,50,0,29
BRDA:225,51,0,0
BRDA:226,52,0,0
BRDA:229,53,0,8
BRDA:232,54,0,0
BRDA:236,55,0,8
BRDA:240,56,0,8
BRDA:242,57,0,21
BRDA:243,58,0,0
BRDA:245,59,0,2
BRDA:245,60,0,1
BRDA:250,61,0,20
BRDA:255,62,0,0
BRDA:258,63,0,7
BRDA:259,64,0,1
BRDA:260,65,0,0
BRDA:271,66,0,7
BRDA:285,67,0,18
BRDA:286,68,0,12
BRDA:288,69,0,6
BRDA:290,70,0,0
BRDA:294,71,0,6
BRDA:297,72,0,1
BRDA:298,73,0,0
BRF:74
BRH:60
end_of_record
TN:
SF:src/daemon/web/server.ts
FN:37,resolveStaticPath
FN:62,createWebApp
FN:527,safeWrite
FN:532,safeEnd
FN:567,onToolApprovalNeeded
FN:1039,safeWrite
FN:1043,safeEnd
FN:1132,startEmbeddedWebServer
FN:1169,stopEmbeddedWebServer
FN:1186,isWebServerRunning
FN:1193,getWebServerPort
FNF:11
FNH:6
FNDA:5,resolveStaticPath
FNDA:3,createWebApp
FNDA:103,safeWrite
FNDA:12,safeEnd
FNDA:0,onToolApprovalNeeded
FNDA:65,safeWrite
FNDA:16,safeEnd
FNDA:0,startEmbeddedWebServer
FNDA:0,stopEmbeddedWebServer
FNDA:0,isWebServerRunning
FNDA:0,getWebServerPort
DA:12,1
DA:13,1
DA:15,1
DA:16,1
DA:17,1
DA:18,1
DA:19,1
DA:20,1
DA:21,1
DA:24,1
DA:25,1
DA:27,1
DA:28,1
DA:37,5
DA:38,5
DA:39,5
DA:40,5
DA:41,5
DA:42,5
DA:43,5
DA:45,5
DA:46,15
DA:47,5
DA:48,5
DA:49,15
DA:52,0
DA:53,0
DA:55,1
DA:62,1
DA:63,3
DA:66,3
DA:69,3
DA:70,101
DA:71,101
DA:72,101
DA:73,101
DA:74,0
DA:75,0
DA:76,0
DA:77,101
DA:78,3
DA:81,3
DA:82,101
DA:83,0
DA:84,0
DA:85,101
DA:86,3
DA:89,3
DA:90,3
DA:91,3
DA:98,3
DA:99,2
DA:100,2
DA:101,2
DA:102,2
DA:103,2
DA:104,2
DA:105,2
DA:106,3
DA:111,3
DA:112,1
DA:113,1
DA:114,1
DA:115,1
DA:116,2
DA:117,2
DA:118,2
DA:119,2
DA:120,2
DA:121,2
DA:122,2
DA:123,1
DA:124,1
DA:125,1
DA:126,0
DA:127,0
DA:128,0
DA:129,0
DA:130,3
DA:136,3
DA:137,0
DA:138,0
DA:139,0
DA:140,0
DA:141,0
DA:142,0
DA:143,0
DA:144,3
DA:149,3
DA:150,0
DA:151,3
DA:162,3
DA:163,0
DA:164,0
DA:165,0
DA:166,0
DA:169,0
DA:170,0
DA:171,0
DA:172,0
DA:173,0
DA:175,0
DA:176,0
DA:177,0
DA:178,0
DA:179,0
DA:180,0
DA:181,0
DA:182,0
DA:183,0
DA:184,0
DA:185,0
DA:186,0
DA:187,0
DA:188,0
DA:189,0
DA:190,0
DA:191,0
DA:192,3
DA:198,3
DA:199,1
DA:200,1
DA:201,1
DA:202,1
DA:203,1
DA:204,1
DA:205,1
DA:206,1
DA:207,1
DA:208,1
DA:209,1
DA:210,1
DA:211,1
DA:212,1
DA:213,1
DA:214,1
DA:215,1
DA:216,1
DA:217,1
DA:218,1
DA:219,0
DA:220,0
DA:221,0
DA:222,0
DA:223,3
DA:229,3
DA:230,2
DA:231,2
DA:232,2
DA:233,2
DA:235,2
DA:236,2
DA:237,2
DA:238,2
DA:240,0
DA:241,0
DA:242,0
DA:244,2
DA:245,2
DA:246,0
DA:247,0
DA:248,0
DA:249,0
DA:250,3
DA:256,3
DA:257,1
DA:258,1
DA:259,1
DA:260,1
DA:262,1
DA:263,1
DA:264,1
DA:265,1
DA:266,0
DA:267,0
DA:268,0
DA:270,1
DA:271,1
DA:272,1
DA:273,0
DA:274,0
DA:275,1
DA:276,1
DA:277,1
DA:278,1
DA:279,1
DA:280,1
DA:281,3
DA:289,3
DA:290,1
DA:291,1
DA:294,1
DA:295,0
DA:296,0
DA:297,0
DA:298,0
DA:300,0
DA:302,0
DA:303,0
DA:304,0
DA:305,0
DA:308,1
DA:309,0
DA:310,0
DA:311,0
DA:312,0
DA:313,0
DA:314,0
DA:315,0
DA:317,1
DA:318,1
DA:319,0
DA:320,0
DA:321,0
DA:322,0
DA:323,3
DA:328,3
DA:329,1
DA:330,1
DA:331,1
DA:332,1
DA:333,1
DA:334,1
DA:335,1
DA:336,1
DA:337,1
DA:338,1
DA:339,1
DA:340,1
DA:341,1
DA:342,1
DA:343,1
DA:344,1
DA:345,0
DA:346,0
DA:347,0
DA:348,0
DA:349,3
DA:354,3
DA:355,1
DA:356,1
DA:357,1
DA:358,1
DA:359,15
DA:360,15
DA:361,15
DA:362,1
DA:363,1
DA:364,1
DA:365,1
DA:366,0
DA:367,0
DA:368,0
DA:369,0
DA:370,3
DA:376,3
DA:377,2
DA:378,2
DA:379,2
DA:380,2
DA:381,1
DA:382,1
DA:383,1
DA:384,1
DA:385,1
DA:386,1
DA:387,2
DA:388,0
DA:389,0
DA:390,0
DA:391,0
DA:392,3
DA:398,3
DA:399,0
DA:400,0
DA:401,0
DA:402,0
DA:403,0
DA:404,0
DA:405,0
DA:406,0
DA:407,0
DA:408,0
DA:409,0
DA:410,0
DA:411,0
DA:412,0
DA:413,3
DA:418,3
DA:419,1
DA:420,1
DA:421,1
DA:422,1
DA:423,1
DA:424,0
DA:425,0
DA:426,0
DA:427,0
DA:428,3
DA:434,3
DA:435,4
DA:436,4
DA:437,4
DA:439,4
DA:440,1
DA:441,1
DA:442,1
DA:444,3
DA:445,4
DA:446,2
DA:447,4
DA:448,1
DA:449,1
DA:451,3
DA:452,4
DA:453,0
DA:454,0
DA:455,0
DA:456,0
DA:457,3
DA:461,3
DA:466,3
DA:472,3
DA:473,0
DA:474,0
DA:475,0
DA:476,0
DA:477,0
DA:478,0
DA:479,0
DA:480,0
DA:481,0
DA:483,0
DA:484,0
DA:485,0
DA:486,0
DA:487,0
DA:488,0
DA:489,0
DA:490,0
DA:491,0
DA:493,0
DA:494,0
DA:495,0
DA:496,0
DA:497,3
DA:506,3
DA:507,14
DA:509,14
DA:510,2
DA:511,2
DA:512,2
DA:514,12
DA:517,12
DA:518,12
DA:519,12
DA:520,12
DA:521,12
DA:522,12
DA:523,12
DA:525,12
DA:527,12
DA:528,103
DA:529,103
DA:530,103
DA:532,12
DA:533,12
DA:534,11
DA:535,11
DA:536,11
DA:537,12
DA:540,12
DA:541,13
DA:542,13
DA:543,13
DA:544,13
DA:545,13
DA:546,12
DA:549,12
DA:550,14
DA:551,14
DA:552,14
DA:553,14
DA:554,14
DA:555,12
DA:558,14
DA:559,0
DA:560,0
DA:561,0
DA:562,14
DA:564,14
DA:565,14
DA:566,14
DA:567,14
DA:568,0
DA:569,0
DA:570,0
DA:571,0
DA:572,0
DA:573,14
DA:576,14
DA:578,14
DA:579,14
DA:581,14
DA:582,12
DA:583,1
DA:584,1
DA:586,1
DA:587,0
DA:588,0
DA:589,0
DA:590,0
DA:591,0
DA:592,1
DA:593,14
DA:595,14
DA:596,12
DA:597,12
DA:598,79
DA:600,79
DA:601,68
DA:602,79
DA:603,0
DA:604,0
DA:605,0
DA:606,0
DA:607,0
DA:608,10
DA:609,0
DA:610,10
DA:611,0
DA:612,10
DA:613,0
DA:614,10
DA:615,10
DA:616,10
DA:617,79
DA:618,12
DA:619,1
DA:620,1
DA:621,1
DA:622,12
DA:623,12
DA:624,12
DA:626,12
DA:627,0
DA:628,0
DA:629,0
DA:630,0
DA:631,12
DA:632,14
DA:633,3
DA:638,3
DA:639,0
DA:640,0
DA:641,0
DA:643,0
DA:644,0
DA:645,0
DA:647,0
DA:650,0
DA:651,0
DA:652,0
DA:653,0
DA:655,0
DA:656,0
DA:657,0
DA:658,0
DA:659,0
DA:660,0
DA:661,0
DA:662,0
DA:663,0
DA:665,0
DA:666,0
DA:667,0
DA:669,0
DA:670,0
DA:671,0
DA:672,0
DA:673,0
DA:675,0
DA:676,0
DA:677,0
DA:678,0
DA:679,0
DA:680,0
DA:681,0
DA:682,3
DA:687,3
DA:688,0
DA:689,0
DA:690,0
DA:691,0
DA:693,0
DA:694,0
DA:695,0
DA:697,0
DA:698,0
DA:699,0
DA:700,0
DA:701,0
DA:703,0
DA:705,0
DA:706,0
DA:707,0
DA:708,0
DA:709,0
DA:710,0
DA:712,0
DA:713,0
DA:714,0
DA:715,0
DA:716,0
DA:717,0
DA:718,0
DA:719,3
DA:724,3
DA:725,0
DA:726,0
DA:728,0
DA:729,0
DA:730,0
DA:732,0
DA:734,0
DA:735,0
DA:736,0
DA:737,0
DA:738,0
DA:739,0
DA:740,0
DA:741,0
DA:742,0
DA:743,0
DA:744,0
DA:746,0
DA:747,0
DA:748,0
DA:749,0
DA:750,0
DA:751,0
DA:752,0
DA:753,0
DA:754,0
DA:755,0
DA:756,0
DA:757,0
DA:759,0
DA:760,0
DA:761,0
DA:762,0
DA:763,0
DA:764,3
DA:767,3
DA:768,0
DA:769,0
DA:770,0
DA:771,0
DA:772,0
DA:773,0
DA:774,0
DA:775,3
DA:778,3
DA:779,0
DA:780,0
DA:781,0
DA:782,0
DA:783,0
DA:784,0
DA:785,0
DA:786,0
DA:787,0
DA:788,0
DA:789,0
DA:790,0
DA:791,0
DA:792,0
DA:793,0
DA:794,0
DA:795,3
DA:800,3
DA:801,0
DA:802,0
DA:803,0
DA:804,0
DA:805,0
DA:806,0
DA:807,0
DA:808,3
DA:811,3
DA:812,0
DA:813,0
DA:814,0
DA:815,0
DA:816,0
DA:817,0
DA:818,0
DA:819,0
DA:820,0
DA:821,0
DA:822,0
DA:823,0
DA:824,0
DA:825,0
DA:826,0
DA:827,0
DA:828,0
DA:829,0
DA:831,0
DA:832,0
DA:833,0
DA:834,0
DA:835,0
DA:836,0
DA:837,0
DA:838,0
DA:839,3
DA:842,3
DA:843,0
DA:844,0
DA:845,0
DA:846,0
DA:847,0
DA:848,0
DA:849,0
DA:850,0
DA:851,0
DA:852,0
DA:853,0
DA:854,0
DA:855,0
DA:856,0
DA:857,0
DA:858,0
DA:859,0
DA:860,0
DA:861,3
DA:864,3
DA:865,0
DA:866,0
DA:867,0
DA:868,3
DA:871,3
DA:872,0
DA:873,0
DA:874,0
DA:875,0
DA:876,0
DA:877,0
DA:878,0
DA:879,0
DA:880,0
DA:881,0
DA:882,0
DA:883,3
DA:886,3
DA:887,0
DA:888,0
DA:889,0
DA:890,0
DA:891,0
DA:892,0
DA:893,0
DA:894,3
DA:898,3
DA:899,14
DA:900,14
DA:901,14
DA:902,1
DA:903,1
DA:904,1
DA:905,13
DA:906,13
DA:907,14
DA:908,0
DA:909,0
DA:910,0
DA:911,0
DA:912,3
DA:914,3
DA:915,2
DA:916,2
DA:918,2
DA:919,2
DA:920,0
DA:921,0
DA:922,0
DA:923,0
DA:924,0
DA:925,0
DA:927,2
DA:928,2
DA:929,0
DA:930,0
DA:931,0
DA:932,0
DA:933,0
DA:934,0
DA:936,2
DA:937,2
DA:938,2
DA:939,0
DA:940,0
DA:941,0
DA:942,0
DA:943,3
DA:945,3
DA:946,9
DA:947,9
DA:948,9
DA:949,7
DA:950,9
DA:951,2
DA:952,2
DA:953,2
DA:954,2
DA:955,0
DA:956,0
DA:957,0
DA:958,2
DA:959,3
DA:961,3
DA:962,2
DA:963,2
DA:964,1
DA:965,1
DA:966,1
DA:967,1
DA:968,1
DA:969,1
DA:970,0
DA:971,0
DA:972,0
DA:973,1
DA:974,3
DA:976,3
DA:977,5
DA:978,5
DA:979,4
DA:981,5
DA:982,1
DA:983,1
DA:984,1
DA:986,3
DA:987,3
DA:988,3
DA:989,3
DA:990,3
DA:991,3
DA:992,5
DA:993,1
DA:994,1
DA:995,1
DA:996,1
DA:997,0
DA:998,0
DA:999,0
DA:1000,1
DA:1001,3
DA:1003,3
DA:1004,17
DA:1005,17
DA:1007,17
DA:1008,1
DA:1009,1
DA:1010,1
DA:1012,16
DA:1013,17
DA:1014,17
DA:1015,17
DA:1017,17
DA:1018,17
DA:1019,17
DA:1020,17
DA:1021,0
DA:1022,0
DA:1023,0
DA:1024,0
DA:1025,0
DA:1026,0
DA:1027,0
DA:1028,0
DA:1029,0
DA:1031,16
DA:1032,16
DA:1033,16
DA:1034,16
DA:1035,16
DA:1036,16
DA:1038,16
DA:1039,16
DA:1040,65
DA:1041,65
DA:1042,65
DA:1043,16
DA:1044,16
DA:1045,16
DA:1046,16
DA:1047,16
DA:1048,16
DA:1050,16
DA:1052,16
DA:1053,16
DA:1054,16
DA:1056,16
DA:1057,16
DA:1059,16
DA:1060,16
DA:1061,49
DA:1062,49
DA:1063,31
DA:1064,31
DA:1065,49
DA:1066,2
DA:1067,2
DA:1068,1
DA:1069,1
DA:1070,2
DA:1072,2
DA:1073,1
DA:1074,1
DA:1075,1
DA:1076,1
DA:1077,1
DA:1078,1
DA:1079,1
DA:1080,1
DA:1081,1
DA:1082,1
DA:1083,1
DA:1084,1
DA:1085,1
DA:1086,18
DA:1087,0
DA:1088,16
DA:1089,16
DA:1090,16
DA:1091,49
DA:1093,16
DA:1094,16
DA:1095,16
DA:1097,16
DA:1098,7
DA:1099,7
DA:1100,7
DA:1101,7
DA:1102,7
DA:1104,16
DA:1105,16
DA:1106,0
DA:1107,0
DA:1108,0
DA:1109,16
DA:1110,16
DA:1111,16
DA:1112,16
DA:1113,16
DA:1114,3
DA:1117,3
DA:1119,3
DA:1120,3
DA:1124,1
DA:1125,1
DA:1126,1
DA:1132,0
DA:1133,0
DA:1134,0
DA:1135,0
DA:1136,0
DA:1137,0
DA:1138,0
DA:1140,0
DA:1143,0
DA:1144,0
DA:1145,0
DA:1146,0
DA:1147,0
DA:1148,0
DA:1149,0
DA:1150,0
DA:1152,0
DA:1154,0
DA:1155,0
DA:1156,0
DA:1157,0
DA:1158,0
DA:1159,0
DA:1160,0
DA:1162,0
DA:1163,0
DA:1164,0
DA:1169,0
DA:1170,0
DA:1172,0
DA:1173,0
DA:1174,0
DA:1175,0
DA:1176,0
DA:1177,0
DA:1179,0
DA:1180,0
DA:1181,0
DA:1186,1
DA:1187,0
DA:1188,0
DA:1193,1
DA:1194,0
DA:1195,0
LF:908
LH:472
BRDA:37,0,0,5
BRDA:45,1,0,15
BRDA:46,2,0,5
BRDA:49,3,0,0
BRDA:62,4,0,3
BRDA:69,5,0,101
BRDA:73,6,0,0
BRDA:81,7,0,101
BRDA:82,8,0,0
BRDA:98,9,0,2
BRDA:111,10,0,1
BRDA:125,11,0,0
BRDA:115,12,0,2
BRDA:198,13,0,1
BRDA:201,14,0,0
BRDA:218,15,0,0
BRDA:204,16,0,1
BRDA:212,17,0,0
BRDA:229,18,0,2
BRDA:231,19,0,1
BRDA:236,20,0,0
BRDA:238,21,0,0
BRDA:245,22,0,0
BRDA:256,23,0,1
BRDA:259,24,0,0
BRDA:265,25,0,0
BRDA:277,26,0,0
BRDA:289,27,0,1
BRDA:294,28,0,0
BRDA:308,29,0,0
BRDA:318,30,0,0
BRDA:328,31,0,1
BRDA:344,32,0,0
BRDA:336,33,0,1
BRDA:354,34,0,1
BRDA:365,35,0,0
BRDA:358,36,0,19
BRDA:358,37,0,15
BRDA:359,38,0,0
BRDA:376,39,0,2
BRDA:380,40,0,1
BRDA:387,41,0,0
BRDA:418,42,0,1
BRDA:423,43,0,0
BRDA:434,44,0,4
BRDA:439,45,0,3
BRDA:439,46,0,1
BRDA:442,47,0,3
BRDA:445,48,0,2
BRDA:447,49,0,1
BRDA:449,50,0,3
BRDA:452,51,0,0
BRDA:506,52,0,14
BRDA:509,53,0,13
BRDA:509,54,0,2
BRDA:512,55,0,12
BRDA:550,56,0,0
BRDA:550,57,0,12
BRDA:551,58,0,0
BRDA:551,59,0,12
BRDA:552,60,0,0
BRDA:552,61,0,12
BRDA:553,62,0,0
BRDA:553,63,0,12
BRDA:554,64,0,0
BRDA:554,65,0,12
BRDA:558,66,0,0
BRDA:562,67,0,12
BRDA:565,68,0,12
BRDA:566,69,0,0
BRDA:566,70,0,0
BRDA:566,71,0,12
BRDA:578,72,0,0
BRDA:578,73,0,12
BRDA:579,74,0,0
BRDA:579,75,0,12
BRDA:527,76,0,103
BRDA:528,77,0,102
BRDA:528,78,0,1
BRDA:528,79,0,102
BRDA:529,80,0,0
BRDA:532,81,0,12
BRDA:533,82,0,11
BRDA:533,83,0,11
BRDA:535,84,0,0
BRDA:540,85,0,13
BRDA:541,86,0,0
BRDA:542,87,0,0
BRDA:581,88,0,12
BRDA:582,89,0,1
BRDA:586,90,0,0
BRDA:595,91,0,12
BRDA:597,92,0,0
BRDA:597,93,0,79
BRDA:598,94,0,1
BRDA:598,95,0,78
BRDA:600,96,0,68
BRDA:600,97,0,68
BRDA:602,98,0,10
BRDA:602,99,0,0
BRDA:608,100,0,0
BRDA:610,101,0,0
BRDA:612,102,0,0
BRDA:615,103,0,0
BRDA:617,104,0,11
BRDA:618,105,0,1
BRDA:619,106,0,0
BRDA:626,107,0,0
BRDA:898,108,0,14
BRDA:901,109,0,1
BRDA:904,110,0,13
BRDA:907,111,0,0
BRDA:914,112,0,2
BRDA:919,113,0,0
BRDA:928,114,0,0
BRDA:938,115,0,0
BRDA:945,116,0,9
BRDA:948,117,0,7
BRDA:950,118,0,2
BRDA:951,119,0,0
BRDA:952,120,0,1
BRDA:954,121,0,0
BRDA:961,122,0,2
BRDA:963,123,0,1
BRDA:966,124,0,0
BRDA:969,125,0,0
BRDA:976,126,0,5
BRDA:978,127,0,4
BRDA:981,128,0,1
BRDA:981,129,0,1
BRDA:984,130,0,3
BRDA:992,131,0,1
BRDA:993,132,0,0
BRDA:996,133,0,0
BRDA:979,134,0,8
BRDA:1003,135,0,17
BRDA:1007,136,0,16
BRDA:1007,137,0,1
BRDA:1010,138,0,16
BRDA:1013,139,0,0
BRDA:1019,140,0,16
BRDA:1020,141,0,0
BRDA:1029,142,0,16
BRDA:1039,143,0,65
BRDA:1040,144,0,0
BRDA:1041,145,0,0
BRDA:1043,146,0,16
BRDA:1046,147,0,0
BRDA:1050,148,0,16
BRDA:1052,149,0,16
BRDA:1060,150,0,49
BRDA:1061,151,0,0
BRDA:1062,152,0,31
BRDA:1062,153,0,31
BRDA:1065,154,0,18
BRDA:1065,155,0,2
BRDA:1067,156,0,1
BRDA:1072,157,0,1
BRDA:1072,158,0,1
BRDA:1077,159,0,0
BRDA:1082,160,0,0
BRDA:1086,161,0,16
BRDA:1086,162,0,0
BRDA:1089,163,0,0
BRDA:1097,164,0,7
BRDA:1097,165,0,7
BRDA:1105,166,0,0
BRF:167
BRH:101
end_of_record
